{"total": {"lines":{"total":18967,"covered":7959,"skipped":0,"pct":41.96},"statements":{"total":22323,"covered":8944,"skipped":0,"pct":40.06},"functions":{"total":6079,"covered":1872,"skipped":0,"pct":30.79},"branches":{"total":25974,"covered":10139,"skipped":0,"pct":39.03},"branchesTrue":{"total":0,"covered":0,"skipped":0,"pct":100}}
,"C:\\EMC\\WEP\\src\\App.tsx": {"lines":{"total":238,"covered":0,"skipped":0,"pct":0},"functions":{"total":238,"covered":0,"skipped":0,"pct":0},"statements":{"total":470,"covered":0,"skipped":0,"pct":0},"branches":{"total":6,"covered":0,"skipped":0,"pct":0}}
,"C:\\EMC\\WEP\\src\\api\\adminApi.ts": {"lines":{"total":9,"covered":9,"skipped":0,"pct":100},"functions":{"total":2,"covered":2,"skipped":0,"pct":100},"statements":{"total":14,"covered":14,"skipped":0,"pct":100},"branches":{"total":10,"covered":10,"skipped":0,"pct":100}}
,"C:\\EMC\\WEP\\src\\api\\adminAuditLogsApi.ts": {"lines":{"total":109,"covered":108,"skipped":0,"pct":99.08},"functions":{"total":20,"covered":20,"skipped":0,"pct":100},"statements":{"total":130,"covered":127,"skipped":0,"pct":97.69},"branches":{"total":213,"covered":201,"skipped":0,"pct":94.36}}
,"C:\\EMC\\WEP\\src\\api\\adminCoursesApi.ts": {"lines":{"total":190,"covered":188,"skipped":0,"pct":98.94},"functions":{"total":44,"covered":44,"skipped":0,"pct":100},"statements":{"total":209,"covered":205,"skipped":0,"pct":98.08},"branches":{"total":199,"covered":183,"skipped":0,"pct":91.95}}
,"C:\\EMC\\WEP\\src\\api\\adminInstructorsApi.ts": {"lines":{"total":73,"covered":0,"skipped":0,"pct":0},"functions":{"total":14,"covered":0,"skipped":0,"pct":0},"statements":{"total":91,"covered":0,"skipped":0,"pct":0},"branches":{"total":144,"covered":0,"skipped":0,"pct":0}}
,"C:\\EMC\\WEP\\src\\api\\adminLmsApi.ts": {"lines":{"total":51,"covered":51,"skipped":0,"pct":100},"functions":{"total":20,"covered":20,"skipped":0,"pct":100},"statements":{"total":52,"covered":52,"skipped":0,"pct":100},"branches":{"total":33,"covered":32,"skipped":0,"pct":96.96}}
,"C:\\EMC\\WEP\\src\\api\\adminRegistrationsApi.ts": {"lines":{"total":57,"covered":56,"skipped":0,"pct":98.24},"functions":{"total":9,"covered":9,"skipped":0,"pct":100},"statements":{"total":70,"covered":69,"skipped":0,"pct":98.57},"branches":{"total":194,"covered":185,"skipped":0,"pct":95.36}}
,"C:\\EMC\\WEP\\src\\api\\adminUsersApi.ts": {"lines":{"total":238,"covered":234,"skipped":0,"pct":98.31},"functions":{"total":28,"covered":28,"skipped":0,"pct":100},"statements":{"total":289,"covered":278,"skipped":0,"pct":96.19},"branches":{"total":481,"covered":444,"skipped":0,"pct":92.3}}
,"C:\\EMC\\WEP\\src\\api\\advancedLmsApi.ts": {"lines":{"total":34,"covered":0,"skipped":0,"pct":0},"functions":{"total":14,"covered":0,"skipped":0,"pct":0},"statements":{"total":34,"covered":0,"skipped":0,"pct":0},"branches":{"total":0,"covered":0,"skipped":0,"pct":100}}
,"C:\\EMC\\WEP\\src\\api\\aiApi.ts": {"lines":{"total":35,"covered":35,"skipped":0,"pct":100},"functions":{"total":7,"covered":7,"skipped":0,"pct":100},"statements":{"total":41,"covered":41,"skipped":0,"pct":100},"branches":{"total":33,"covered":33,"skipped":0,"pct":100}}
,"C:\\EMC\\WEP\\src\\api\\aiAutomationsApi.ts": {"lines":{"total":15,"covered":15,"skipped":0,"pct":100},"functions":{"total":2,"covered":2,"skipped":0,"pct":100},"statements":{"total":20,"covered":20,"skipped":0,"pct":100},"branches":{"total":16,"covered":16,"skipped":0,"pct":100}}
,"C:\\EMC\\WEP\\src\\api\\aiInsightsApi.ts": {"lines":{"total":11,"covered":0,"skipped":0,"pct":0},"functions":{"total":2,"covered":0,"skipped":0,"pct":0},"statements":{"total":13,"covered":0,"skipped":0,"pct":0},"branches":{"total":7,"covered":0,"skipped":0,"pct":0}}
,"C:\\EMC\\WEP\\src\\api\\aiRecommendationsApi.ts": {"lines":{"total":8,"covered":0,"skipped":0,"pct":0},"functions":{"total":1,"covered":0,"skipped":0,"pct":0},"statements":{"total":9,"covered":0,"skipped":0,"pct":0},"branches":{"total":7,"covered":0,"skipped":0,"pct":0}}
,"C:\\EMC\\WEP\\src\\api\\aiSearchApi.ts": {"lines":{"total":6,"covered":0,"skipped":0,"pct":0},"functions":{"total":1,"covered":0,"skipped":0,"pct":0},"statements":{"total":7,"covered":0,"skipped":0,"pct":0},"branches":{"total":2,"covered":0,"skipped":0,"pct":0}}
,"C:\\EMC\\WEP\\src\\api\\aiUsageApi.ts": {"lines":{"total":2,"covered":0,"skipped":0,"pct":0},"functions":{"total":1,"covered":0,"skipped":0,"pct":0},"statements":{"total":2,"covered":0,"skipped":0,"pct":0},"branches":{"total":0,"covered":0,"skipped":0,"pct":100}}
,"C:\\EMC\\WEP\\src\\api\\ambassadorApplicationApi.ts": {"lines":{"total":124,"covered":124,"skipped":0,"pct":100},"functions":{"total":25,"covered":25,"skipped":0,"pct":100},"statements":{"total":159,"covered":157,"skipped":0,"pct":98.74},"branches":{"total":146,"covered":142,"skipped":0,"pct":97.26}}
,"C:\\EMC\\WEP\\src\\api\\ambassadorApplicationFilesApi.ts": {"lines":{"total":34,"covered":33,"skipped":0,"pct":97.05},"functions":{"total":5,"covered":5,"skipped":0,"pct":100},"statements":{"total":37,"covered":36,"skipped":0,"pct":97.29},"branches":{"total":21,"covered":19,"skipped":0,"pct":90.47}}
,"C:\\EMC\\WEP\\src\\api\\apiErrors.ts": {"lines":{"total":74,"covered":74,"skipped":0,"pct":100},"functions":{"total":5,"covered":5,"skipped":0,"pct":100},"statements":{"total":96,"covered":95,"skipped":0,"pct":98.95},"branches":{"total":121,"covered":117,"skipped":0,"pct":96.69}}
,"C:\\EMC\\WEP\\src\\api\\apiTokensApi.ts": {"lines":{"total":12,"covered":12,"skipped":0,"pct":100},"functions":{"total":4,"covered":4,"skipped":0,"pct":100},"statements":{"total":13,"covered":13,"skipped":0,"pct":100},"branches":{"total":13,"covered":13,"skipped":0,"pct":100}}
,"C:\\EMC\\WEP\\src\\api\\auditLogsApi.ts": {"lines":{"total":4,"covered":0,"skipped":0,"pct":0},"functions":{"total":1,"covered":0,"skipped":0,"pct":0},"statements":{"total":4,"covered":0,"skipped":0,"pct":0},"branches":{"total":0,"covered":0,"skipped":0,"pct":100}}
,"C:\\EMC\\WEP\\src\\api\\authApi.ts": {"lines":{"total":13,"covered":13,"skipped":0,"pct":100},"functions":{"total":9,"covered":9,"skipped":0,"pct":100},"statements":{"total":13,"covered":13,"skipped":0,"pct":100},"branches":{"total":0,"covered":0,"skipped":0,"pct":100}}
,"C:\\EMC\\WEP\\src\\api\\automationsApi.ts": {"lines":{"total":14,"covered":14,"skipped":0,"pct":100},"functions":{"total":4,"covered":4,"skipped":0,"pct":100},"statements":{"total":14,"covered":14,"skipped":0,"pct":100},"branches":{"total":0,"covered":0,"skipped":0,"pct":100}}
,"C:\\EMC\\WEP\\src\\api\\axios.ts": {"lines":{"total":76,"covered":10,"skipped":0,"pct":13.15},"functions":{"total":4,"covered":0,"skipped":0,"pct":0},"statements":{"total":77,"covered":10,"skipped":0,"pct":12.98},"branches":{"total":86,"covered":3,"skipped":0,"pct":3.48}}
,"C:\\EMC\\WEP\\src\\api\\calendarApi.ts": {"lines":{"total":114,"covered":0,"skipped":0,"pct":0},"functions":{"total":19,"covered":0,"skipped":0,"pct":0},"statements":{"total":142,"covered":0,"skipped":0,"pct":0},"branches":{"total":203,"covered":0,"skipped":0,"pct":0}}
,"C:\\EMC\\WEP\\src\\api\\certificatesApi.ts": {"lines":{"total":199,"covered":199,"skipped":0,"pct":100},"functions":{"total":59,"covered":59,"skipped":0,"pct":100},"statements":{"total":212,"covered":210,"skipped":0,"pct":99.05},"branches":{"total":216,"covered":184,"skipped":0,"pct":85.18}}
,"C:\\EMC\\WEP\\src\\api\\chartOfAccountsApi.ts": {"lines":{"total":12,"covered":12,"skipped":0,"pct":100},"functions":{"total":6,"covered":6,"skipped":0,"pct":100},"statements":{"total":12,"covered":12,"skipped":0,"pct":100},"branches":{"total":0,"covered":0,"skipped":0,"pct":100}}
,"C:\\EMC\\WEP\\src\\api\\checkoutApi.ts": {"lines":{"total":10,"covered":0,"skipped":0,"pct":0},"functions":{"total":5,"covered":0,"skipped":0,"pct":0},"statements":{"total":10,"covered":0,"skipped":0,"pct":0},"branches":{"total":2,"covered":0,"skipped":0,"pct":0}}
,"C:\\EMC\\WEP\\src\\api\\contactApi.ts": {"lines":{"total":2,"covered":0,"skipped":0,"pct":0},"functions":{"total":1,"covered":0,"skipped":0,"pct":0},"statements":{"total":2,"covered":0,"skipped":0,"pct":0},"branches":{"total":2,"covered":0,"skipped":0,"pct":0}}
,"C:\\EMC\\WEP\\src\\api\\couponsApi.ts": {"lines":{"total":8,"covered":0,"skipped":0,"pct":0},"functions":{"total":4,"covered":0,"skipped":0,"pct":0},"statements":{"total":8,"covered":0,"skipped":0,"pct":0},"branches":{"total":0,"covered":0,"skipped":0,"pct":100}}
,"C:\\EMC\\WEP\\src\\api\\courseContentApi.ts": {"lines":{"total":80,"covered":68,"skipped":0,"pct":85},"functions":{"total":40,"covered":31,"skipped":0,"pct":77.5},"statements":{"total":95,"covered":81,"skipped":0,"pct":85.26},"branches":{"total":53,"covered":43,"skipped":0,"pct":81.13}}
,"C:\\EMC\\WEP\\src\\api\\courseLearnApi.ts": {"lines":{"total":280,"covered":276,"skipped":0,"pct":98.57},"functions":{"total":69,"covered":67,"skipped":0,"pct":97.1},"statements":{"total":312,"covered":294,"skipped":0,"pct":94.23},"branches":{"total":558,"covered":433,"skipped":0,"pct":77.59}}
,"C:\\EMC\\WEP\\src\\api\\coursesApi.public.ts": {"lines":{"total":40,"covered":40,"skipped":0,"pct":100},"functions":{"total":10,"covered":10,"skipped":0,"pct":100},"statements":{"total":51,"covered":51,"skipped":0,"pct":100},"branches":{"total":59,"covered":53,"skipped":0,"pct":89.83}}
,"C:\\EMC\\WEP\\src\\api\\departmentOverviewApi.ts": {"lines":{"total":2,"covered":0,"skipped":0,"pct":0},"functions":{"total":1,"covered":0,"skipped":0,"pct":0},"statements":{"total":2,"covered":0,"skipped":0,"pct":0},"branches":{"total":0,"covered":0,"skipped":0,"pct":100}}
,"C:\\EMC\\WEP\\src\\api\\documentsApi.ts": {"lines":{"total":13,"covered":13,"skipped":0,"pct":100},"functions":{"total":4,"covered":4,"skipped":0,"pct":100},"statements":{"total":14,"covered":14,"skipped":0,"pct":100},"branches":{"total":4,"covered":4,"skipped":0,"pct":100}}
,"C:\\EMC\\WEP\\src\\api\\emailAdminApi.ts": {"lines":{"total":19,"covered":0,"skipped":0,"pct":0},"functions":{"total":9,"covered":0,"skipped":0,"pct":0},"statements":{"total":19,"covered":0,"skipped":0,"pct":0},"branches":{"total":11,"covered":0,"skipped":0,"pct":0}}
,"C:\\EMC\\WEP\\src\\api\\financeApi.ts": {"lines":{"total":125,"covered":125,"skipped":0,"pct":100},"functions":{"total":34,"covered":34,"skipped":0,"pct":100},"statements":{"total":131,"covered":131,"skipped":0,"pct":100},"branches":{"total":153,"covered":146,"skipped":0,"pct":95.42}}
,"C:\\EMC\\WEP\\src\\api\\financialRequestsApi.ts": {"lines":{"total":34,"covered":0,"skipped":0,"pct":0},"functions":{"total":13,"covered":0,"skipped":0,"pct":0},"statements":{"total":34,"covered":0,"skipped":0,"pct":0},"branches":{"total":4,"covered":0,"skipped":0,"pct":0}}
,"C:\\EMC\\WEP\\src\\api\\formsApi.ts": {"lines":{"total":13,"covered":13,"skipped":0,"pct":100},"functions":{"total":7,"covered":7,"skipped":0,"pct":100},"statements":{"total":13,"covered":13,"skipped":0,"pct":100},"branches":{"total":0,"covered":0,"skipped":0,"pct":100}}
,"C:\\EMC\\WEP\\src\\api\\hrDashboardApi.ts": {"lines":{"total":7,"covered":0,"skipped":0,"pct":0},"functions":{"total":2,"covered":0,"skipped":0,"pct":0},"statements":{"total":8,"covered":0,"skipped":0,"pct":0},"branches":{"total":6,"covered":0,"skipped":0,"pct":0}}
,"C:\\EMC\\WEP\\src\\api\\hrVolunteerProfilesApi.ts": {"lines":{"total":34,"covered":0,"skipped":0,"pct":0},"functions":{"total":8,"covered":0,"skipped":0,"pct":0},"statements":{"total":37,"covered":0,"skipped":0,"pct":0},"branches":{"total":21,"covered":0,"skipped":0,"pct":0}}
,"C:\\EMC\\WEP\\src\\api\\instituteApi.ts": {"lines":{"total":24,"covered":24,"skipped":0,"pct":100},"functions":{"total":23,"covered":23,"skipped":0,"pct":100},"statements":{"total":24,"covered":24,"skipped":0,"pct":100},"branches":{"total":0,"covered":0,"skipped":0,"pct":100}}
,"C:\\EMC\\WEP\\src\\api\\instructorApi.ts": {"lines":{"total":216,"covered":215,"skipped":0,"pct":99.53},"functions":{"total":48,"covered":48,"skipped":0,"pct":100},"statements":{"total":247,"covered":243,"skipped":0,"pct":98.38},"branches":{"total":574,"covered":481,"skipped":0,"pct":83.79}}
,"C:\\EMC\\WEP\\src\\api\\instructorsApi.ts": {"lines":{"total":8,"covered":0,"skipped":0,"pct":0},"functions":{"total":2,"covered":0,"skipped":0,"pct":0},"statements":{"total":8,"covered":0,"skipped":0,"pct":0},"branches":{"total":4,"covered":0,"skipped":0,"pct":0}}
,"C:\\EMC\\WEP\\src\\api\\integrationsApi.ts": {"lines":{"total":16,"covered":16,"skipped":0,"pct":100},"functions":{"total":5,"covered":5,"skipped":0,"pct":100},"statements":{"total":17,"covered":17,"skipped":0,"pct":100},"branches":{"total":11,"covered":11,"skipped":0,"pct":100}}
,"C:\\EMC\\WEP\\src\\api\\jobTitlesApi.ts": {"lines":{"total":4,"covered":0,"skipped":0,"pct":0},"functions":{"total":2,"covered":0,"skipped":0,"pct":0},"statements":{"total":4,"covered":0,"skipped":0,"pct":0},"branches":{"total":0,"covered":0,"skipped":0,"pct":100}}
,"C:\\EMC\\WEP\\src\\api\\knowledgeApi.ts": {"lines":{"total":20,"covered":0,"skipped":0,"pct":0},"functions":{"total":7,"covered":0,"skipped":0,"pct":0},"statements":{"total":20,"covered":0,"skipped":0,"pct":0},"branches":{"total":0,"covered":0,"skipped":0,"pct":100}}
,"C:\\EMC\\WEP\\src\\api\\kpiApi.ts": {"lines":{"total":11,"covered":0,"skipped":0,"pct":0},"functions":{"total":4,"covered":0,"skipped":0,"pct":0},"statements":{"total":11,"covered":0,"skipped":0,"pct":0},"branches":{"total":21,"covered":0,"skipped":0,"pct":0}}
,"C:\\EMC\\WEP\\src\\api\\learningPathsApi.ts": {"lines":{"total":149,"covered":149,"skipped":0,"pct":100},"functions":{"total":31,"covered":31,"skipped":0,"pct":100},"statements":{"total":158,"covered":157,"skipped":0,"pct":99.36},"branches":{"total":94,"covered":91,"skipped":0,"pct":96.8}}
,"C:\\EMC\\WEP\\src\\api\\lmsApi.ts": {"lines":{"total":6,"covered":5,"skipped":0,"pct":83.33},"functions":{"total":2,"covered":2,"skipped":0,"pct":100},"statements":{"total":7,"covered":6,"skipped":0,"pct":85.71},"branches":{"total":8,"covered":6,"skipped":0,"pct":75}}
,"C:\\EMC\\WEP\\src\\api\\marketingApi.ts": {"lines":{"total":4,"covered":0,"skipped":0,"pct":0},"functions":{"total":2,"covered":0,"skipped":0,"pct":0},"statements":{"total":4,"covered":0,"skipped":0,"pct":0},"branches":{"total":0,"covered":0,"skipped":0,"pct":100}}
,"C:\\EMC\\WEP\\src\\api\\meetingsApi.ts": {"lines":{"total":5,"covered":0,"skipped":0,"pct":0},"functions":{"total":3,"covered":0,"skipped":0,"pct":0},"statements":{"total":5,"covered":0,"skipped":0,"pct":0},"branches":{"total":0,"covered":0,"skipped":0,"pct":100}}
,"C:\\EMC\\WEP\\src\\api\\membersApi.ts": {"lines":{"total":78,"covered":78,"skipped":0,"pct":100},"functions":{"total":7,"covered":7,"skipped":0,"pct":100},"statements":{"total":93,"covered":92,"skipped":0,"pct":98.92},"branches":{"total":140,"covered":128,"skipped":0,"pct":91.42}}
,"C:\\EMC\\WEP\\src\\api\\mobileReadinessApi.ts": {"lines":{"total":2,"covered":0,"skipped":0,"pct":0},"functions":{"total":1,"covered":0,"skipped":0,"pct":0},"statements":{"total":2,"covered":0,"skipped":0,"pct":0},"branches":{"total":0,"covered":0,"skipped":0,"pct":100}}
,"C:\\EMC\\WEP\\src\\api\\notificationPreferencesApi.ts": {"lines":{"total":20,"covered":1,"skipped":0,"pct":5},"functions":{"total":7,"covered":0,"skipped":0,"pct":0},"statements":{"total":21,"covered":1,"skipped":0,"pct":4.76},"branches":{"total":7,"covered":0,"skipped":0,"pct":0}}
,"C:\\EMC\\WEP\\src\\api\\notificationsApi.ts": {"lines":{"total":139,"covered":82,"skipped":0,"pct":58.99},"functions":{"total":28,"covered":19,"skipped":0,"pct":67.85},"statements":{"total":156,"covered":90,"skipped":0,"pct":57.69},"branches":{"total":209,"covered":120,"skipped":0,"pct":57.41}}
,"C:\\EMC\\WEP\\src\\api\\operationsApi.ts": {"lines":{"total":8,"covered":0,"skipped":0,"pct":0},"functions":{"total":3,"covered":0,"skipped":0,"pct":0},"statements":{"total":8,"covered":0,"skipped":0,"pct":0},"branches":{"total":0,"covered":0,"skipped":0,"pct":100}}
,"C:\\EMC\\WEP\\src\\api\\partnerPortalApi.ts": {"lines":{"total":18,"covered":10,"skipped":0,"pct":55.55},"functions":{"total":6,"covered":4,"skipped":0,"pct":66.66},"statements":{"total":19,"covered":11,"skipped":0,"pct":57.89},"branches":{"total":11,"covered":11,"skipped":0,"pct":100}}
,"C:\\EMC\\WEP\\src\\api\\partnersApi.ts": {"lines":{"total":12,"covered":0,"skipped":0,"pct":0},"functions":{"total":5,"covered":0,"skipped":0,"pct":0},"statements":{"total":13,"covered":0,"skipped":0,"pct":0},"branches":{"total":2,"covered":0,"skipped":0,"pct":0}}
,"C:\\EMC\\WEP\\src\\api\\paymentsApi.ts": {"lines":{"total":4,"covered":0,"skipped":0,"pct":0},"functions":{"total":2,"covered":0,"skipped":0,"pct":0},"statements":{"total":4,"covered":0,"skipped":0,"pct":0},"branches":{"total":0,"covered":0,"skipped":0,"pct":100}}
,"C:\\EMC\\WEP\\src\\api\\placementApi.ts": {"lines":{"total":580,"covered":572,"skipped":0,"pct":98.62},"functions":{"total":115,"covered":113,"skipped":0,"pct":98.26},"statements":{"total":667,"covered":641,"skipped":0,"pct":96.1},"branches":{"total":1758,"covered":1235,"skipped":0,"pct":70.25}}
,"C:\\EMC\\WEP\\src\\api\\platformScaleApi.ts": {"lines":{"total":2,"covered":0,"skipped":0,"pct":0},"functions":{"total":1,"covered":0,"skipped":0,"pct":0},"statements":{"total":2,"covered":0,"skipped":0,"pct":0},"branches":{"total":0,"covered":0,"skipped":0,"pct":100}}
,"C:\\EMC\\WEP\\src\\api\\productUpdatesApi.ts": {"lines":{"total":25,"covered":25,"skipped":0,"pct":100},"functions":{"total":10,"covered":10,"skipped":0,"pct":100},"statements":{"total":25,"covered":25,"skipped":0,"pct":100},"branches":{"total":7,"covered":7,"skipped":0,"pct":100}}
,"C:\\EMC\\WEP\\src\\api\\profileApi.ts": {"lines":{"total":45,"covered":0,"skipped":0,"pct":0},"functions":{"total":8,"covered":0,"skipped":0,"pct":0},"statements":{"total":45,"covered":0,"skipped":0,"pct":0},"branches":{"total":35,"covered":0,"skipped":0,"pct":0}}
,"C:\\EMC\\WEP\\src\\api\\programFinanceApi.ts": {"lines":{"total":6,"covered":0,"skipped":0,"pct":0},"functions":{"total":5,"covered":0,"skipped":0,"pct":0},"statements":{"total":6,"covered":0,"skipped":0,"pct":0},"branches":{"total":0,"covered":0,"skipped":0,"pct":100}}
,"C:\\EMC\\WEP\\src\\api\\programsApi.ts": {"lines":{"total":50,"covered":0,"skipped":0,"pct":0},"functions":{"total":15,"covered":0,"skipped":0,"pct":0},"statements":{"total":57,"covered":0,"skipped":0,"pct":0},"branches":{"total":72,"covered":0,"skipped":0,"pct":0}}
,"C:\\EMC\\WEP\\src\\api\\programsManagerApi.ts": {"lines":{"total":12,"covered":0,"skipped":0,"pct":0},"functions":{"total":2,"covered":0,"skipped":0,"pct":0},"statements":{"total":12,"covered":0,"skipped":0,"pct":0},"branches":{"total":44,"covered":0,"skipped":0,"pct":0}}
,"C:\\EMC\\WEP\\src\\api\\qualityApi.ts": {"lines":{"total":31,"covered":31,"skipped":0,"pct":100},"functions":{"total":15,"covered":15,"skipped":0,"pct":100},"statements":{"total":31,"covered":31,"skipped":0,"pct":100},"branches":{"total":16,"covered":16,"skipped":0,"pct":100}}
,"C:\\EMC\\WEP\\src\\api\\recognitionApi.ts": {"lines":{"total":8,"covered":0,"skipped":0,"pct":0},"functions":{"total":2,"covered":0,"skipped":0,"pct":0},"statements":{"total":8,"covered":0,"skipped":0,"pct":0},"branches":{"total":4,"covered":0,"skipped":0,"pct":0}}
,"C:\\EMC\\WEP\\src\\api\\registrationsApi.ts": {"lines":{"total":21,"covered":0,"skipped":0,"pct":0},"functions":{"total":2,"covered":0,"skipped":0,"pct":0},"statements":{"total":23,"covered":0,"skipped":0,"pct":0},"branches":{"total":16,"covered":0,"skipped":0,"pct":0}}
,"C:\\EMC\\WEP\\src\\api\\reportsApi.ts": {"lines":{"total":4,"covered":0,"skipped":0,"pct":0},"functions":{"total":2,"covered":0,"skipped":0,"pct":0},"statements":{"total":4,"covered":0,"skipped":0,"pct":0},"branches":{"total":0,"covered":0,"skipped":0,"pct":100}}
,"C:\\EMC\\WEP\\src\\api\\rolesPermissionsApi.ts": {"lines":{"total":93,"covered":90,"skipped":0,"pct":96.77},"functions":{"total":29,"covered":28,"skipped":0,"pct":96.55},"statements":{"total":116,"covered":108,"skipped":0,"pct":93.1},"branches":{"total":118,"covered":102,"skipped":0,"pct":86.44}}
,"C:\\EMC\\WEP\\src\\api\\scholarshipsApi.ts": {"lines":{"total":4,"covered":0,"skipped":0,"pct":0},"functions":{"total":2,"covered":0,"skipped":0,"pct":0},"statements":{"total":4,"covered":0,"skipped":0,"pct":0},"branches":{"total":0,"covered":0,"skipped":0,"pct":100}}
,"C:\\EMC\\WEP\\src\\api\\searchApi.ts": {"lines":{"total":9,"covered":0,"skipped":0,"pct":0},"functions":{"total":3,"covered":0,"skipped":0,"pct":0},"statements":{"total":9,"covered":0,"skipped":0,"pct":0},"branches":{"total":2,"covered":0,"skipped":0,"pct":0}}
,"C:\\EMC\\WEP\\src\\api\\studentApi.ts": {"lines":{"total":466,"covered":460,"skipped":0,"pct":98.71},"functions":{"total":78,"covered":76,"skipped":0,"pct":97.43},"statements":{"total":539,"covered":521,"skipped":0,"pct":96.66},"branches":{"total":1052,"covered":944,"skipped":0,"pct":89.73}}
,"C:\\EMC\\WEP\\src\\api\\superAdminCatalogApi.ts": {"lines":{"total":58,"covered":58,"skipped":0,"pct":100},"functions":{"total":7,"covered":7,"skipped":0,"pct":100},"statements":{"total":64,"covered":64,"skipped":0,"pct":100},"branches":{"total":49,"covered":47,"skipped":0,"pct":95.91}}
,"C:\\EMC\\WEP\\src\\api\\superAdminOpsApi.ts": {"lines":{"total":17,"covered":17,"skipped":0,"pct":100},"functions":{"total":6,"covered":6,"skipped":0,"pct":100},"statements":{"total":21,"covered":21,"skipped":0,"pct":100},"branches":{"total":52,"covered":48,"skipped":0,"pct":92.3}}
,"C:\\EMC\\WEP\\src\\api\\supportApi.ts": {"lines":{"total":31,"covered":31,"skipped":0,"pct":100},"functions":{"total":13,"covered":13,"skipped":0,"pct":100},"statements":{"total":31,"covered":31,"skipped":0,"pct":100},"branches":{"total":31,"covered":31,"skipped":0,"pct":100}}
,"C:\\EMC\\WEP\\src\\api\\tasksApi.ts": {"lines":{"total":11,"covered":0,"skipped":0,"pct":0},"functions":{"total":6,"covered":0,"skipped":0,"pct":0},"statements":{"total":11,"covered":0,"skipped":0,"pct":0},"branches":{"total":0,"covered":0,"skipped":0,"pct":100}}
,"C:\\EMC\\WEP\\src\\api\\techAdminApi.ts": {"lines":{"total":12,"covered":12,"skipped":0,"pct":100},"functions":{"total":5,"covered":5,"skipped":0,"pct":100},"statements":{"total":12,"covered":12,"skipped":0,"pct":100},"branches":{"total":23,"covered":14,"skipped":0,"pct":60.86}}
,"C:\\EMC\\WEP\\src\\api\\unwrap.ts": {"lines":{"total":3,"covered":3,"skipped":0,"pct":100},"functions":{"total":1,"covered":1,"skipped":0,"pct":100},"statements":{"total":3,"covered":3,"skipped":0,"pct":100},"branches":{"total":5,"covered":5,"skipped":0,"pct":100}}
,"C:\\EMC\\WEP\\src\\api\\vmsApi.ts": {"lines":{"total":51,"covered":0,"skipped":0,"pct":0},"functions":{"total":23,"covered":0,"skipped":0,"pct":0},"statements":{"total":53,"covered":0,"skipped":0,"pct":0},"branches":{"total":26,"covered":0,"skipped":0,"pct":0}}
,"C:\\EMC\\WEP\\src\\api\\volunteerApplicationApi.ts": {"lines":{"total":98,"covered":98,"skipped":0,"pct":100},"functions":{"total":14,"covered":14,"skipped":0,"pct":100},"statements":{"total":114,"covered":114,"skipped":0,"pct":100},"branches":{"total":197,"covered":191,"skipped":0,"pct":96.95}}
,"C:\\EMC\\WEP\\src\\api\\volunteerHrProfileApi.ts": {"lines":{"total":22,"covered":0,"skipped":0,"pct":0},"functions":{"total":6,"covered":0,"skipped":0,"pct":0},"statements":{"total":25,"covered":0,"skipped":0,"pct":0},"branches":{"total":21,"covered":0,"skipped":0,"pct":0}}
,"C:\\EMC\\WEP\\src\\api\\volunteersApi.ts": {"lines":{"total":18,"covered":18,"skipped":0,"pct":100},"functions":{"total":5,"covered":5,"skipped":0,"pct":100},"statements":{"total":19,"covered":19,"skipped":0,"pct":100},"branches":{"total":6,"covered":6,"skipped":0,"pct":100}}
,"C:\\EMC\\WEP\\src\\api\\webhooksApi.ts": {"lines":{"total":27,"covered":27,"skipped":0,"pct":100},"functions":{"total":6,"covered":6,"skipped":0,"pct":100},"statements":{"total":27,"covered":27,"skipped":0,"pct":100},"branches":{"total":6,"covered":6,"skipped":0,"pct":100}}
,"C:\\EMC\\WEP\\src\\api\\workshopRequestsApi.ts": {"lines":{"total":64,"covered":64,"skipped":0,"pct":100},"functions":{"total":15,"covered":15,"skipped":0,"pct":100},"statements":{"total":74,"covered":74,"skipped":0,"pct":100},"branches":{"total":87,"covered":80,"skipped":0,"pct":91.95}}
,"C:\\EMC\\WEP\\src\\api\\workshopsApi.public.ts": {"lines":{"total":88,"covered":87,"skipped":0,"pct":98.86},"functions":{"total":10,"covered":10,"skipped":0,"pct":100},"statements":{"total":112,"covered":109,"skipped":0,"pct":97.32},"branches":{"total":167,"covered":156,"skipped":0,"pct":93.41}}
,"C:\\EMC\\WEP\\src\\api\\normalizers\\instructorStudentSummary.ts": {"lines":{"total":21,"covered":21,"skipped":0,"pct":100},"functions":{"total":7,"covered":7,"skipped":0,"pct":100},"statements":{"total":27,"covered":26,"skipped":0,"pct":96.29},"branches":{"total":75,"covered":59,"skipped":0,"pct":78.66}}
,"C:\\EMC\\WEP\\src\\components\\CourseCard.tsx": {"lines":{"total":5,"covered":0,"skipped":0,"pct":0},"functions":{"total":1,"covered":0,"skipped":0,"pct":0},"statements":{"total":5,"covered":0,"skipped":0,"pct":0},"branches":{"total":20,"covered":0,"skipped":0,"pct":0}}
,"C:\\EMC\\WEP\\src\\components\\DashboardAccessGuard.tsx": {"lines":{"total":14,"covered":14,"skipped":0,"pct":100},"functions":{"total":1,"covered":1,"skipped":0,"pct":100},"statements":{"total":15,"covered":14,"skipped":0,"pct":93.33},"branches":{"total":12,"covered":11,"skipped":0,"pct":91.66}}
,"C:\\EMC\\WEP\\src\\components\\ErrorBoundary.tsx": {"lines":{"total":15,"covered":0,"skipped":0,"pct":0},"functions":{"total":8,"covered":0,"skipped":0,"pct":0},"statements":{"total":17,"covered":0,"skipped":0,"pct":0},"branches":{"total":11,"covered":0,"skipped":0,"pct":0}}
,"C:\\EMC\\WEP\\src\\components\\Footer.tsx": {"lines":{"total":17,"covered":16,"skipped":0,"pct":94.11},"functions":{"total":10,"covered":8,"skipped":0,"pct":80},"statements":{"total":20,"covered":18,"skipped":0,"pct":90},"branches":{"total":9,"covered":8,"skipped":0,"pct":88.88}}
,"C:\\EMC\\WEP\\src\\components\\ImpersonationBanner.tsx": {"lines":{"total":16,"covered":0,"skipped":0,"pct":0},"functions":{"total":3,"covered":0,"skipped":0,"pct":0},"statements":{"total":17,"covered":0,"skipped":0,"pct":0},"branches":{"total":15,"covered":0,"skipped":0,"pct":0}}
,"C:\\EMC\\WEP\\src\\components\\Layout.tsx": {"lines":{"total":1,"covered":0,"skipped":0,"pct":0},"functions":{"total":1,"covered":0,"skipped":0,"pct":0},"statements":{"total":1,"covered":0,"skipped":0,"pct":0},"branches":{"total":0,"covered":0,"skipped":0,"pct":100}}
,"C:\\EMC\\WEP\\src\\components\\Navbar.tsx": {"lines":{"total":92,"covered":0,"skipped":0,"pct":0},"functions":{"total":49,"covered":0,"skipped":0,"pct":0},"statements":{"total":108,"covered":0,"skipped":0,"pct":0},"branches":{"total":69,"covered":0,"skipped":0,"pct":0}}
,"C:\\EMC\\WEP\\src\\components\\PageHeader.tsx": {"lines":{"total":2,"covered":2,"skipped":0,"pct":100},"functions":{"total":2,"covered":2,"skipped":0,"pct":100},"statements":{"total":2,"covered":2,"skipped":0,"pct":100},"branches":{"total":6,"covered":6,"skipped":0,"pct":100}}
,"C:\\EMC\\WEP\\src\\components\\ProtectedRoute.tsx": {"lines":{"total":7,"covered":7,"skipped":0,"pct":100},"functions":{"total":1,"covered":1,"skipped":0,"pct":100},"statements":{"total":7,"covered":7,"skipped":0,"pct":100},"branches":{"total":4,"covered":4,"skipped":0,"pct":100}}
,"C:\\EMC\\WEP\\src\\components\\RoleGate.tsx": {"lines":{"total":12,"covered":12,"skipped":0,"pct":100},"functions":{"total":2,"covered":2,"skipped":0,"pct":100},"statements":{"total":12,"covered":12,"skipped":0,"pct":100},"branches":{"total":11,"covered":11,"skipped":0,"pct":100}}
,"C:\\EMC\\WEP\\src\\components\\RouteFallback.tsx": {"lines":{"total":1,"covered":0,"skipped":0,"pct":0},"functions":{"total":1,"covered":0,"skipped":0,"pct":0},"statements":{"total":1,"covered":0,"skipped":0,"pct":0},"branches":{"total":0,"covered":0,"skipped":0,"pct":100}}
,"C:\\EMC\\WEP\\src\\components\\ScrollToTop.tsx": {"lines":{"total":4,"covered":0,"skipped":0,"pct":0},"functions":{"total":2,"covered":0,"skipped":0,"pct":0},"statements":{"total":4,"covered":0,"skipped":0,"pct":0},"branches":{"total":0,"covered":0,"skipped":0,"pct":100}}
,"C:\\EMC\\WEP\\src\\components\\StateMessage.tsx": {"lines":{"total":1,"covered":0,"skipped":0,"pct":0},"functions":{"total":1,"covered":0,"skipped":0,"pct":0},"statements":{"total":1,"covered":0,"skipped":0,"pct":0},"branches":{"total":4,"covered":0,"skipped":0,"pct":0}}
,"C:\\EMC\\WEP\\src\\components\\UserAvatar.tsx": {"lines":{"total":6,"covered":0,"skipped":0,"pct":0},"functions":{"total":2,"covered":0,"skipped":0,"pct":0},"statements":{"total":6,"covered":0,"skipped":0,"pct":0},"branches":{"total":4,"covered":0,"skipped":0,"pct":0}}
,"C:\\EMC\\WEP\\src\\components\\admin\\AmbassadorApplicationDetailModal.tsx": {"lines":{"total":162,"covered":3,"skipped":0,"pct":1.85},"functions":{"total":57,"covered":0,"skipped":0,"pct":0},"statements":{"total":181,"covered":3,"skipped":0,"pct":1.65},"branches":{"total":170,"covered":0,"skipped":0,"pct":0}}
,"C:\\EMC\\WEP\\src\\components\\admin\\AmbassadorApplicationFiles.tsx": {"lines":{"total":95,"covered":2,"skipped":0,"pct":2.1},"functions":{"total":26,"covered":0,"skipped":0,"pct":0},"statements":{"total":104,"covered":2,"skipped":0,"pct":1.92},"branches":{"total":73,"covered":0,"skipped":0,"pct":0}}
,"C:\\EMC\\WEP\\src\\components\\admin\\ambassadorStatusConfig.ts": {"lines":{"total":1,"covered":1,"skipped":0,"pct":100},"functions":{"total":0,"covered":0,"skipped":0,"pct":100},"statements":{"total":1,"covered":1,"skipped":0,"pct":100},"branches":{"total":0,"covered":0,"skipped":0,"pct":100}}
,"C:\\EMC\\WEP\\src\\components\\ai\\AiAutomationCard.tsx": {"lines":{"total":2,"covered":0,"skipped":0,"pct":0},"functions":{"total":1,"covered":0,"skipped":0,"pct":0},"statements":{"total":2,"covered":0,"skipped":0,"pct":0},"branches":{"total":6,"covered":0,"skipped":0,"pct":0}}
,"C:\\EMC\\WEP\\src\\components\\ai\\AiConversationSidebar.tsx": {"lines":{"total":9,"covered":0,"skipped":0,"pct":0},"functions":{"total":6,"covered":0,"skipped":0,"pct":0},"statements":{"total":9,"covered":0,"skipped":0,"pct":0},"branches":{"total":6,"covered":0,"skipped":0,"pct":0}}
,"C:\\EMC\\WEP\\src\\components\\ai\\AiGenerationPanel.tsx": {"lines":{"total":16,"covered":0,"skipped":0,"pct":0},"functions":{"total":8,"covered":0,"skipped":0,"pct":0},"statements":{"total":17,"covered":0,"skipped":0,"pct":0},"branches":{"total":6,"covered":0,"skipped":0,"pct":0}}
,"C:\\EMC\\WEP\\src\\components\\ai\\AiInsightCard.tsx": {"lines":{"total":1,"covered":0,"skipped":0,"pct":0},"functions":{"total":1,"covered":0,"skipped":0,"pct":0},"statements":{"total":1,"covered":0,"skipped":0,"pct":0},"branches":{"total":7,"covered":0,"skipped":0,"pct":0}}
,"C:\\EMC\\WEP\\src\\components\\ai\\AiMessageBubble.tsx": {"lines":{"total":2,"covered":0,"skipped":0,"pct":0},"functions":{"total":1,"covered":0,"skipped":0,"pct":0},"statements":{"total":2,"covered":0,"skipped":0,"pct":0},"branches":{"total":4,"covered":0,"skipped":0,"pct":0}}
,"C:\\EMC\\WEP\\src\\components\\ai\\AiRecommendationCard.tsx": {"lines":{"total":4,"covered":0,"skipped":0,"pct":0},"functions":{"total":1,"covered":0,"skipped":0,"pct":0},"statements":{"total":4,"covered":0,"skipped":0,"pct":0},"branches":{"total":2,"covered":0,"skipped":0,"pct":0}}
,"C:\\EMC\\WEP\\src\\components\\ai\\AiSuggestionCard.tsx": {"lines":{"total":2,"covered":0,"skipped":0,"pct":0},"functions":{"total":2,"covered":0,"skipped":0,"pct":0},"statements":{"total":2,"covered":0,"skipped":0,"pct":0},"branches":{"total":0,"covered":0,"skipped":0,"pct":100}}
,"C:\\EMC\\WEP\\src\\components\\ai\\AiSummaryPanel.tsx": {"lines":{"total":4,"covered":0,"skipped":0,"pct":0},"functions":{"total":4,"covered":0,"skipped":0,"pct":0},"statements":{"total":4,"covered":0,"skipped":0,"pct":0},"branches":{"total":4,"covered":0,"skipped":0,"pct":0}}
,"C:\\EMC\\WEP\\src\\components\\ai\\AiTypingIndicator.tsx": {"lines":{"total":2,"covered":0,"skipped":0,"pct":0},"functions":{"total":2,"covered":0,"skipped":0,"pct":0},"statements":{"total":2,"covered":0,"skipped":0,"pct":0},"branches":{"total":0,"covered":0,"skipped":0,"pct":100}}
,"C:\\EMC\\WEP\\src\\components\\ai\\AiUsageChart.tsx": {"lines":{"total":3,"covered":0,"skipped":0,"pct":0},"functions":{"total":3,"covered":0,"skipped":0,"pct":0},"statements":{"total":4,"covered":0,"skipped":0,"pct":0},"branches":{"total":0,"covered":0,"skipped":0,"pct":100}}
,"C:\\EMC\\WEP\\src\\components\\ai\\CommandPalette.tsx": {"lines":{"total":1,"covered":0,"skipped":0,"pct":0},"functions":{"total":1,"covered":0,"skipped":0,"pct":0},"statements":{"total":1,"covered":0,"skipped":0,"pct":0},"branches":{"total":0,"covered":0,"skipped":0,"pct":100}}
,"C:\\EMC\\WEP\\src\\components\\ai\\EmptyState.tsx": {"lines":{"total":1,"covered":0,"skipped":0,"pct":0},"functions":{"total":1,"covered":0,"skipped":0,"pct":0},"statements":{"total":1,"covered":0,"skipped":0,"pct":0},"branches":{"total":2,"covered":0,"skipped":0,"pct":0}}
,"C:\\EMC\\WEP\\src\\components\\ai\\LoadingSkeleton.tsx": {"lines":{"total":3,"covered":0,"skipped":0,"pct":0},"functions":{"total":3,"covered":0,"skipped":0,"pct":0},"statements":{"total":3,"covered":0,"skipped":0,"pct":0},"branches":{"total":2,"covered":0,"skipped":0,"pct":0}}
,"C:\\EMC\\WEP\\src\\components\\ai\\PriorityIndicator.tsx": {"lines":{"total":3,"covered":0,"skipped":0,"pct":0},"functions":{"total":1,"covered":0,"skipped":0,"pct":0},"statements":{"total":3,"covered":0,"skipped":0,"pct":0},"branches":{"total":0,"covered":0,"skipped":0,"pct":100}}
,"C:\\EMC\\WEP\\src\\components\\ai\\RiskBadge.tsx": {"lines":{"total":3,"covered":0,"skipped":0,"pct":0},"functions":{"total":1,"covered":0,"skipped":0,"pct":0},"statements":{"total":3,"covered":0,"skipped":0,"pct":0},"branches":{"total":0,"covered":0,"skipped":0,"pct":100}}
,"C:\\EMC\\WEP\\src\\components\\ai\\SemanticSearchModal.tsx": {"lines":{"total":27,"covered":0,"skipped":0,"pct":0},"functions":{"total":11,"covered":0,"skipped":0,"pct":0},"statements":{"total":30,"covered":0,"skipped":0,"pct":0},"branches":{"total":18,"covered":0,"skipped":0,"pct":0}}
,"C:\\EMC\\WEP\\src\\components\\calendar\\CalendarDayView.tsx": {"lines":{"total":17,"covered":0,"skipped":0,"pct":0},"functions":{"total":7,"covered":0,"skipped":0,"pct":0},"statements":{"total":17,"covered":0,"skipped":0,"pct":0},"branches":{"total":12,"covered":0,"skipped":0,"pct":0}}
,"C:\\EMC\\WEP\\src\\components\\calendar\\CalendarGridEventChip.tsx": {"lines":{"total":10,"covered":0,"skipped":0,"pct":0},"functions":{"total":4,"covered":0,"skipped":0,"pct":0},"statements":{"total":10,"covered":0,"skipped":0,"pct":0},"branches":{"total":11,"covered":0,"skipped":0,"pct":0}}
,"C:\\EMC\\WEP\\src\\components\\calendar\\CalendarListView.tsx": {"lines":{"total":6,"covered":0,"skipped":0,"pct":0},"functions":{"total":3,"covered":0,"skipped":0,"pct":0},"statements":{"total":6,"covered":0,"skipped":0,"pct":0},"branches":{"total":2,"covered":0,"skipped":0,"pct":0}}
,"C:\\EMC\\WEP\\src\\components\\calendar\\CalendarMonthView.tsx": {"lines":{"total":12,"covered":0,"skipped":0,"pct":0},"functions":{"total":6,"covered":0,"skipped":0,"pct":0},"statements":{"total":12,"covered":0,"skipped":0,"pct":0},"branches":{"total":12,"covered":0,"skipped":0,"pct":0}}
,"C:\\EMC\\WEP\\src\\components\\calendar\\CalendarViewSwitcher.tsx": {"lines":{"total":5,"covered":0,"skipped":0,"pct":0},"functions":{"total":3,"covered":0,"skipped":0,"pct":0},"statements":{"total":5,"covered":0,"skipped":0,"pct":0},"branches":{"total":4,"covered":0,"skipped":0,"pct":0}}
,"C:\\EMC\\WEP\\src\\components\\calendar\\CalendarWeekView.tsx": {"lines":{"total":7,"covered":0,"skipped":0,"pct":0},"functions":{"total":4,"covered":0,"skipped":0,"pct":0},"statements":{"total":7,"covered":0,"skipped":0,"pct":0},"branches":{"total":8,"covered":0,"skipped":0,"pct":0}}
,"C:\\EMC\\WEP\\src\\components\\contact\\ContactFaqSection.tsx": {"lines":{"total":6,"covered":0,"skipped":0,"pct":0},"functions":{"total":3,"covered":0,"skipped":0,"pct":0},"statements":{"total":6,"covered":0,"skipped":0,"pct":0},"branches":{"total":6,"covered":0,"skipped":0,"pct":0}}
,"C:\\EMC\\WEP\\src\\components\\dashboard\\DashboardErrorWidget.tsx": {"lines":{"total":1,"covered":0,"skipped":0,"pct":0},"functions":{"total":1,"covered":0,"skipped":0,"pct":0},"statements":{"total":1,"covered":0,"skipped":0,"pct":0},"branches":{"total":10,"covered":0,"skipped":0,"pct":0}}
,"C:\\EMC\\WEP\\src\\components\\dashboard\\DashboardHero.tsx": {"lines":{"total":2,"covered":1,"skipped":0,"pct":50},"functions":{"total":2,"covered":1,"skipped":0,"pct":50},"statements":{"total":2,"covered":1,"skipped":0,"pct":50},"branches":{"total":16,"covered":9,"skipped":0,"pct":56.25}}
,"C:\\EMC\\WEP\\src\\components\\dashboard\\DashboardKpiCard.tsx": {"lines":{"total":6,"covered":1,"skipped":0,"pct":16.66},"functions":{"total":2,"covered":0,"skipped":0,"pct":0},"statements":{"total":6,"covered":1,"skipped":0,"pct":16.66},"branches":{"total":18,"covered":0,"skipped":0,"pct":0}}
,"C:\\EMC\\WEP\\src\\components\\dashboard\\DashboardRouteSearchModal.tsx": {"lines":{"total":38,"covered":0,"skipped":0,"pct":0},"functions":{"total":16,"covered":0,"skipped":0,"pct":0},"statements":{"total":47,"covered":0,"skipped":0,"pct":0},"branches":{"total":20,"covered":0,"skipped":0,"pct":0}}
,"C:\\EMC\\WEP\\src\\components\\dashboard\\DashboardSection.tsx": {"lines":{"total":1,"covered":1,"skipped":0,"pct":100},"functions":{"total":1,"covered":1,"skipped":0,"pct":100},"statements":{"total":1,"covered":1,"skipped":0,"pct":100},"branches":{"total":5,"covered":3,"skipped":0,"pct":60}}
,"C:\\EMC\\WEP\\src\\components\\dashboard\\DashboardWidgetSkeleton.tsx": {"lines":{"total":10,"covered":0,"skipped":0,"pct":0},"functions":{"total":8,"covered":0,"skipped":0,"pct":0},"statements":{"total":10,"covered":0,"skipped":0,"pct":0},"branches":{"total":15,"covered":0,"skipped":0,"pct":0}}
,"C:\\EMC\\WEP\\src\\components\\dashboard\\DataTable.tsx": {"lines":{"total":7,"covered":0,"skipped":0,"pct":0},"functions":{"total":7,"covered":0,"skipped":0,"pct":0},"statements":{"total":7,"covered":0,"skipped":0,"pct":0},"branches":{"total":14,"covered":0,"skipped":0,"pct":0}}
,"C:\\EMC\\WEP\\src\\components\\dashboard\\EmptyState.tsx": {"lines":{"total":1,"covered":1,"skipped":0,"pct":100},"functions":{"total":1,"covered":1,"skipped":0,"pct":100},"statements":{"total":1,"covered":1,"skipped":0,"pct":100},"branches":{"total":7,"covered":4,"skipped":0,"pct":57.14}}
,"C:\\EMC\\WEP\\src\\components\\dashboard\\EnrolledCourseCard.tsx": {"lines":{"total":24,"covered":0,"skipped":0,"pct":0},"functions":{"total":5,"covered":0,"skipped":0,"pct":0},"statements":{"total":30,"covered":0,"skipped":0,"pct":0},"branches":{"total":59,"covered":0,"skipped":0,"pct":0}}
,"C:\\EMC\\WEP\\src\\components\\dashboard\\NotificationItem.tsx": {"lines":{"total":41,"covered":0,"skipped":0,"pct":0},"functions":{"total":10,"covered":0,"skipped":0,"pct":0},"statements":{"total":52,"covered":0,"skipped":0,"pct":0},"branches":{"total":47,"covered":0,"skipped":0,"pct":0}}
,"C:\\EMC\\WEP\\src\\components\\dashboard\\PaymentRequiredCta.tsx": {"lines":{"total":14,"covered":14,"skipped":0,"pct":100},"functions":{"total":2,"covered":2,"skipped":0,"pct":100},"statements":{"total":15,"covered":14,"skipped":0,"pct":93.33},"branches":{"total":16,"covered":14,"skipped":0,"pct":87.5}}
,"C:\\EMC\\WEP\\src\\components\\dashboard\\ProgressCard.tsx": {"lines":{"total":4,"covered":1,"skipped":0,"pct":25},"functions":{"total":1,"covered":0,"skipped":0,"pct":0},"statements":{"total":4,"covered":1,"skipped":0,"pct":25},"branches":{"total":6,"covered":0,"skipped":0,"pct":0}}
,"C:\\EMC\\WEP\\src\\components\\dashboard\\QuickActionCard.tsx": {"lines":{"total":3,"covered":1,"skipped":0,"pct":33.33},"functions":{"total":1,"covered":0,"skipped":0,"pct":0},"statements":{"total":3,"covered":1,"skipped":0,"pct":33.33},"branches":{"total":3,"covered":0,"skipped":0,"pct":0}}
,"C:\\EMC\\WEP\\src\\components\\dashboard\\StatCard.tsx": {"lines":{"total":3,"covered":1,"skipped":0,"pct":33.33},"functions":{"total":1,"covered":0,"skipped":0,"pct":0},"statements":{"total":3,"covered":1,"skipped":0,"pct":33.33},"branches":{"total":9,"covered":0,"skipped":0,"pct":0}}
,"C:\\EMC\\WEP\\src\\components\\dashboard\\StudentMyCourseCard.tsx": {"lines":{"total":57,"covered":43,"skipped":0,"pct":75.43},"functions":{"total":8,"covered":5,"skipped":0,"pct":62.5},"statements":{"total":65,"covered":47,"skipped":0,"pct":72.3},"branches":{"total":178,"covered":113,"skipped":0,"pct":63.48}}
,"C:\\EMC\\WEP\\src\\components\\dashboard\\UpcomingSessionCard.tsx": {"lines":{"total":3,"covered":2,"skipped":0,"pct":66.66},"functions":{"total":1,"covered":0,"skipped":0,"pct":0},"statements":{"total":3,"covered":2,"skipped":0,"pct":66.66},"branches":{"total":17,"covered":0,"skipped":0,"pct":0}}
,"C:\\EMC\\WEP\\src\\components\\dashboard\\index.ts": {"lines":{"total":0,"covered":0,"skipped":0,"pct":0},"functions":{"total":0,"covered":0,"skipped":0,"pct":0},"statements":{"total":0,"covered":0,"skipped":0,"pct":0},"branches":{"total":0,"covered":0,"skipped":0,"pct":0}}
,"C:\\EMC\\WEP\\src\\components\\dashboard\\notificationVisuals.ts": {"lines":{"total":12,"covered":4,"skipped":0,"pct":33.33},"functions":{"total":2,"covered":0,"skipped":0,"pct":0},"statements":{"total":15,"covered":4,"skipped":0,"pct":26.66},"branches":{"total":10,"covered":0,"skipped":0,"pct":0}}
,"C:\\EMC\\WEP\\src\\components\\departments\\DepartmentsBentoMetrics.tsx": {"lines":{"total":4,"covered":0,"skipped":0,"pct":0},"functions":{"total":2,"covered":0,"skipped":0,"pct":0},"statements":{"total":4,"covered":0,"skipped":0,"pct":0},"branches":{"total":0,"covered":0,"skipped":0,"pct":100}}
,"C:\\EMC\\WEP\\src\\components\\departments\\DepartmentsFaqAccordion.tsx": {"lines":{"total":6,"covered":0,"skipped":0,"pct":0},"functions":{"total":3,"covered":0,"skipped":0,"pct":0},"statements":{"total":6,"covered":0,"skipped":0,"pct":0},"branches":{"total":8,"covered":0,"skipped":0,"pct":0}}
,"C:\\EMC\\WEP\\src\\components\\departments\\DepartmentsLayerTabs.tsx": {"lines":{"total":9,"covered":0,"skipped":0,"pct":0},"functions":{"total":5,"covered":0,"skipped":0,"pct":0},"statements":{"total":10,"covered":0,"skipped":0,"pct":0},"branches":{"total":2,"covered":0,"skipped":0,"pct":0}}
,"C:\\EMC\\WEP\\src\\components\\departments\\DepartmentsOrgEcosystem.tsx": {"lines":{"total":47,"covered":0,"skipped":0,"pct":0},"functions":{"total":24,"covered":0,"skipped":0,"pct":0},"statements":{"total":53,"covered":0,"skipped":0,"pct":0},"branches":{"total":78,"covered":0,"skipped":0,"pct":0}}
,"C:\\EMC\\WEP\\src\\components\\departments\\DepartmentsTimelineStrip.tsx": {"lines":{"total":5,"covered":3,"skipped":0,"pct":60},"functions":{"total":2,"covered":1,"skipped":0,"pct":50},"statements":{"total":6,"covered":4,"skipped":0,"pct":66.66},"branches":{"total":2,"covered":1,"skipped":0,"pct":50}}
,"C:\\EMC\\WEP\\src\\components\\emc-form-wizard\\FormActions.tsx": {"lines":{"total":1,"covered":0,"skipped":0,"pct":0},"functions":{"total":1,"covered":0,"skipped":0,"pct":0},"statements":{"total":1,"covered":0,"skipped":0,"pct":0},"branches":{"total":27,"covered":0,"skipped":0,"pct":0}}
,"C:\\EMC\\WEP\\src\\components\\emc-form-wizard\\FormChecklist.tsx": {"lines":{"total":2,"covered":0,"skipped":0,"pct":0},"functions":{"total":2,"covered":0,"skipped":0,"pct":0},"statements":{"total":2,"covered":0,"skipped":0,"pct":0},"branches":{"total":7,"covered":0,"skipped":0,"pct":0}}
,"C:\\EMC\\WEP\\src\\components\\emc-form-wizard\\FormHelpCard.tsx": {"lines":{"total":1,"covered":0,"skipped":0,"pct":0},"functions":{"total":1,"covered":0,"skipped":0,"pct":0},"statements":{"total":1,"covered":0,"skipped":0,"pct":0},"branches":{"total":1,"covered":0,"skipped":0,"pct":0}}
,"C:\\EMC\\WEP\\src\\components\\emc-form-wizard\\FormProgressBar.tsx": {"lines":{"total":2,"covered":0,"skipped":0,"pct":0},"functions":{"total":1,"covered":0,"skipped":0,"pct":0},"statements":{"total":2,"covered":0,"skipped":0,"pct":0},"branches":{"total":3,"covered":0,"skipped":0,"pct":0}}
,"C:\\EMC\\WEP\\src\\components\\emc-form-wizard\\FormSectionCard.tsx": {"lines":{"total":1,"covered":0,"skipped":0,"pct":0},"functions":{"total":1,"covered":0,"skipped":0,"pct":0},"statements":{"total":1,"covered":0,"skipped":0,"pct":0},"branches":{"total":12,"covered":0,"skipped":0,"pct":0}}
,"C:\\EMC\\WEP\\src\\components\\emc-form-wizard\\FormStepper.tsx": {"lines":{"total":17,"covered":0,"skipped":0,"pct":0},"functions":{"total":7,"covered":0,"skipped":0,"pct":0},"statements":{"total":18,"covered":0,"skipped":0,"pct":0},"branches":{"total":57,"covered":0,"skipped":0,"pct":0}}
,"C:\\EMC\\WEP\\src\\components\\emc-form-wizard\\FormSuccessState.tsx": {"lines":{"total":6,"covered":0,"skipped":0,"pct":0},"functions":{"total":3,"covered":0,"skipped":0,"pct":0},"statements":{"total":7,"covered":0,"skipped":0,"pct":0},"branches":{"total":15,"covered":0,"skipped":0,"pct":0}}
,"C:\\EMC\\WEP\\src\\components\\emc-form-wizard\\FormSummaryPanel.tsx": {"lines":{"total":2,"covered":0,"skipped":0,"pct":0},"functions":{"total":2,"covered":0,"skipped":0,"pct":0},"statements":{"total":2,"covered":0,"skipped":0,"pct":0},"branches":{"total":3,"covered":0,"skipped":0,"pct":0}}
,"C:\\EMC\\WEP\\src\\components\\emc-form-wizard\\FormWizardShell.tsx": {"lines":{"total":18,"covered":0,"skipped":0,"pct":0},"functions":{"total":6,"covered":0,"skipped":0,"pct":0},"statements":{"total":22,"covered":0,"skipped":0,"pct":0},"branches":{"total":43,"covered":0,"skipped":0,"pct":0}}
,"C:\\EMC\\WEP\\src\\components\\emc-form-wizard\\emcWizardTokens.ts": {"lines":{"total":5,"covered":0,"skipped":0,"pct":0},"functions":{"total":0,"covered":0,"skipped":0,"pct":100},"statements":{"total":5,"covered":0,"skipped":0,"pct":0},"branches":{"total":0,"covered":0,"skipped":0,"pct":100}}
,"C:\\EMC\\WEP\\src\\components\\emc-form-wizard\\index.ts": {"lines":{"total":0,"covered":0,"skipped":0,"pct":0},"functions":{"total":0,"covered":0,"skipped":0,"pct":0},"statements":{"total":0,"covered":0,"skipped":0,"pct":0},"branches":{"total":0,"covered":0,"skipped":0,"pct":0}}
,"C:\\EMC\\WEP\\src\\components\\enrollment\\CourseEnrollmentCard.tsx": {"lines":{"total":159,"covered":139,"skipped":0,"pct":87.42},"functions":{"total":18,"covered":14,"skipped":0,"pct":77.77},"statements":{"total":186,"covered":154,"skipped":0,"pct":82.79},"branches":{"total":268,"covered":214,"skipped":0,"pct":79.85}}
,"C:\\EMC\\WEP\\src\\components\\enrollment\\CourseEnrollmentFieldsModal.tsx": {"lines":{"total":51,"covered":42,"skipped":0,"pct":82.35},"functions":{"total":13,"covered":8,"skipped":0,"pct":61.53},"statements":{"total":54,"covered":43,"skipped":0,"pct":79.62},"branches":{"total":86,"covered":63,"skipped":0,"pct":73.25}}
,"C:\\EMC\\WEP\\src\\components\\enrollment\\EnrollmentForm.tsx": {"lines":{"total":171,"covered":0,"skipped":0,"pct":0},"functions":{"total":33,"covered":0,"skipped":0,"pct":0},"statements":{"total":214,"covered":0,"skipped":0,"pct":0},"branches":{"total":218,"covered":0,"skipped":0,"pct":0}}
,"C:\\EMC\\WEP\\src\\components\\enrollment\\isPaidCourse.ts": {"lines":{"total":1,"covered":1,"skipped":0,"pct":100},"functions":{"total":1,"covered":1,"skipped":0,"pct":100},"statements":{"total":1,"covered":1,"skipped":0,"pct":100},"branches":{"total":2,"covered":2,"skipped":0,"pct":100}}
,"C:\\EMC\\WEP\\src\\components\\enterprise\\ApiTokenTable.tsx": {"lines":{"total":9,"covered":0,"skipped":0,"pct":0},"functions":{"total":6,"covered":0,"skipped":0,"pct":0},"statements":{"total":9,"covered":0,"skipped":0,"pct":0},"branches":{"total":8,"covered":0,"skipped":0,"pct":0}}
,"C:\\EMC\\WEP\\src\\components\\enterprise\\AutomationActionSelector.tsx": {"lines":{"total":6,"covered":0,"skipped":0,"pct":0},"functions":{"total":5,"covered":0,"skipped":0,"pct":0},"statements":{"total":8,"covered":0,"skipped":0,"pct":0},"branches":{"total":4,"covered":0,"skipped":0,"pct":0}}
,"C:\\EMC\\WEP\\src\\components\\enterprise\\AutomationTriggerSelector.tsx": {"lines":{"total":3,"covered":0,"skipped":0,"pct":0},"functions":{"total":3,"covered":0,"skipped":0,"pct":0},"statements":{"total":3,"covered":0,"skipped":0,"pct":0},"branches":{"total":0,"covered":0,"skipped":0,"pct":100}}
,"C:\\EMC\\WEP\\src\\components\\enterprise\\CalendarEventCard.tsx": {"lines":{"total":28,"covered":0,"skipped":0,"pct":0},"functions":{"total":8,"covered":0,"skipped":0,"pct":0},"statements":{"total":29,"covered":0,"skipped":0,"pct":0},"branches":{"total":47,"covered":0,"skipped":0,"pct":0}}
,"C:\\EMC\\WEP\\src\\components\\enterprise\\ChannelToggleGroup.tsx": {"lines":{"total":8,"covered":0,"skipped":0,"pct":0},"functions":{"total":4,"covered":0,"skipped":0,"pct":0},"statements":{"total":9,"covered":0,"skipped":0,"pct":0},"branches":{"total":4,"covered":0,"skipped":0,"pct":0}}
,"C:\\EMC\\WEP\\src\\components\\enterprise\\IcsDownloadButton.tsx": {"lines":{"total":14,"covered":0,"skipped":0,"pct":0},"functions":{"total":3,"covered":0,"skipped":0,"pct":0},"statements":{"total":14,"covered":0,"skipped":0,"pct":0},"branches":{"total":3,"covered":0,"skipped":0,"pct":0}}
,"C:\\EMC\\WEP\\src\\components\\enterprise\\IntegrationCard.tsx": {"lines":{"total":2,"covered":0,"skipped":0,"pct":0},"functions":{"total":1,"covered":0,"skipped":0,"pct":0},"statements":{"total":2,"covered":0,"skipped":0,"pct":0},"branches":{"total":2,"covered":0,"skipped":0,"pct":0}}
,"C:\\EMC\\WEP\\src\\components\\enterprise\\IntegrationStatusBadge.tsx": {"lines":{"total":3,"covered":0,"skipped":0,"pct":0},"functions":{"total":1,"covered":0,"skipped":0,"pct":0},"statements":{"total":3,"covered":0,"skipped":0,"pct":0},"branches":{"total":0,"covered":0,"skipped":0,"pct":100}}
,"C:\\EMC\\WEP\\src\\components\\enterprise\\LoadingSkeleton.tsx": {"lines":{"total":3,"covered":0,"skipped":0,"pct":0},"functions":{"total":3,"covered":0,"skipped":0,"pct":0},"statements":{"total":3,"covered":0,"skipped":0,"pct":0},"branches":{"total":1,"covered":0,"skipped":0,"pct":0}}
,"C:\\EMC\\WEP\\src\\components\\enterprise\\MobileReadinessCard.tsx": {"lines":{"total":2,"covered":0,"skipped":0,"pct":0},"functions":{"total":1,"covered":0,"skipped":0,"pct":0},"statements":{"total":2,"covered":0,"skipped":0,"pct":0},"branches":{"total":7,"covered":0,"skipped":0,"pct":0}}
,"C:\\EMC\\WEP\\src\\components\\enterprise\\NotificationPreferenceRow.tsx": {"lines":{"total":12,"covered":0,"skipped":0,"pct":0},"functions":{"total":10,"covered":0,"skipped":0,"pct":0},"statements":{"total":13,"covered":0,"skipped":0,"pct":0},"branches":{"total":29,"covered":0,"skipped":0,"pct":0}}
,"C:\\EMC\\WEP\\src\\components\\enterprise\\ScopeSelector.tsx": {"lines":{"total":7,"covered":0,"skipped":0,"pct":0},"functions":{"total":5,"covered":0,"skipped":0,"pct":0},"statements":{"total":10,"covered":0,"skipped":0,"pct":0},"branches":{"total":6,"covered":0,"skipped":0,"pct":0}}
,"C:\\EMC\\WEP\\src\\components\\enterprise\\SecretWarningPanel.tsx": {"lines":{"total":1,"covered":0,"skipped":0,"pct":0},"functions":{"total":1,"covered":0,"skipped":0,"pct":0},"statements":{"total":1,"covered":0,"skipped":0,"pct":0},"branches":{"total":1,"covered":0,"skipped":0,"pct":0}}
,"C:\\EMC\\WEP\\src\\components\\enterprise\\WebhookDeliveryTimeline.tsx": {"lines":{"total":5,"covered":0,"skipped":0,"pct":0},"functions":{"total":3,"covered":0,"skipped":0,"pct":0},"statements":{"total":7,"covered":0,"skipped":0,"pct":0},"branches":{"total":18,"covered":0,"skipped":0,"pct":0}}
,"C:\\EMC\\WEP\\src\\components\\enterprise\\WebhookEndpointCard.tsx": {"lines":{"total":3,"covered":0,"skipped":0,"pct":0},"functions":{"total":2,"covered":0,"skipped":0,"pct":0},"statements":{"total":3,"covered":0,"skipped":0,"pct":0},"branches":{"total":2,"covered":0,"skipped":0,"pct":0}}
,"C:\\EMC\\WEP\\src\\components\\enterprise\\apiTokenScopes.ts": {"lines":{"total":2,"covered":0,"skipped":0,"pct":0},"functions":{"total":0,"covered":0,"skipped":0,"pct":100},"statements":{"total":2,"covered":0,"skipped":0,"pct":0},"branches":{"total":0,"covered":0,"skipped":0,"pct":100}}
,"C:\\EMC\\WEP\\src\\components\\enterprise\\automationCatalog.ts": {"lines":{"total":3,"covered":0,"skipped":0,"pct":0},"functions":{"total":1,"covered":0,"skipped":0,"pct":0},"statements":{"total":3,"covered":0,"skipped":0,"pct":0},"branches":{"total":0,"covered":0,"skipped":0,"pct":100}}
,"C:\\EMC\\WEP\\src\\components\\errors\\ErrorPageShell.tsx": {"lines":{"total":1,"covered":0,"skipped":0,"pct":0},"functions":{"total":1,"covered":0,"skipped":0,"pct":0},"statements":{"total":1,"covered":0,"skipped":0,"pct":0},"branches":{"total":2,"covered":0,"skipped":0,"pct":0}}
,"C:\\EMC\\WEP\\src\\components\\errors\\SectionErrorBoundary.tsx": {"lines":{"total":8,"covered":0,"skipped":0,"pct":0},"functions":{"total":5,"covered":0,"skipped":0,"pct":0},"statements":{"total":10,"covered":0,"skipped":0,"pct":0},"branches":{"total":6,"covered":0,"skipped":0,"pct":0}}
,"C:\\EMC\\WEP\\src\\components\\feedback\\AppToaster.tsx": {"lines":{"total":1,"covered":0,"skipped":0,"pct":0},"functions":{"total":1,"covered":0,"skipped":0,"pct":0},"statements":{"total":1,"covered":0,"skipped":0,"pct":0},"branches":{"total":0,"covered":0,"skipped":0,"pct":100}}
,"C:\\EMC\\WEP\\src\\components\\feedback\\ConfirmDialog.tsx": {"lines":{"total":17,"covered":11,"skipped":0,"pct":64.7},"functions":{"total":5,"covered":3,"skipped":0,"pct":60},"statements":{"total":20,"covered":12,"skipped":0,"pct":60},"branches":{"total":19,"covered":14,"skipped":0,"pct":73.68}}
,"C:\\EMC\\WEP\\src\\components\\finance\\FinanceAccountsTab.tsx": {"lines":{"total":69,"covered":0,"skipped":0,"pct":0},"functions":{"total":51,"covered":0,"skipped":0,"pct":0},"statements":{"total":92,"covered":0,"skipped":0,"pct":0},"branches":{"total":39,"covered":0,"skipped":0,"pct":0}}
,"C:\\EMC\\WEP\\src\\components\\finance\\FinanceAnimatedNumber.tsx": {"lines":{"total":6,"covered":6,"skipped":0,"pct":100},"functions":{"total":4,"covered":4,"skipped":0,"pct":100},"statements":{"total":7,"covered":7,"skipped":0,"pct":100},"branches":{"total":0,"covered":0,"skipped":0,"pct":100}}
,"C:\\EMC\\WEP\\src\\components\\finance\\FinanceBentoWidgets.tsx": {"lines":{"total":14,"covered":0,"skipped":0,"pct":0},"functions":{"total":10,"covered":0,"skipped":0,"pct":0},"statements":{"total":18,"covered":0,"skipped":0,"pct":0},"branches":{"total":25,"covered":0,"skipped":0,"pct":0}}
,"C:\\EMC\\WEP\\src\\components\\finance\\FinanceDate.tsx": {"lines":{"total":5,"covered":4,"skipped":0,"pct":80},"functions":{"total":1,"covered":1,"skipped":0,"pct":100},"statements":{"total":5,"covered":4,"skipped":0,"pct":80},"branches":{"total":14,"covered":12,"skipped":0,"pct":85.71}}
,"C:\\EMC\\WEP\\src\\components\\finance\\FinanceExecutiveHero.tsx": {"lines":{"total":3,"covered":0,"skipped":0,"pct":0},"functions":{"total":1,"covered":0,"skipped":0,"pct":0},"statements":{"total":3,"covered":0,"skipped":0,"pct":0},"branches":{"total":12,"covered":0,"skipped":0,"pct":0}}
,"C:\\EMC\\WEP\\src\\components\\finance\\FinancePageKpiCard.tsx": {"lines":{"total":1,"covered":0,"skipped":0,"pct":0},"functions":{"total":1,"covered":0,"skipped":0,"pct":0},"statements":{"total":1,"covered":0,"skipped":0,"pct":0},"branches":{"total":8,"covered":0,"skipped":0,"pct":0}}
,"C:\\EMC\\WEP\\src\\components\\finance\\FinancePaymentsActivity.tsx": {"lines":{"total":18,"covered":0,"skipped":0,"pct":0},"functions":{"total":8,"covered":0,"skipped":0,"pct":0},"statements":{"total":20,"covered":0,"skipped":0,"pct":0},"branches":{"total":20,"covered":0,"skipped":0,"pct":0}}
,"C:\\EMC\\WEP\\src\\components\\finance\\FinancePremiumKPIGrid.tsx": {"lines":{"total":16,"covered":0,"skipped":0,"pct":0},"functions":{"total":6,"covered":0,"skipped":0,"pct":0},"statements":{"total":17,"covered":0,"skipped":0,"pct":0},"branches":{"total":30,"covered":0,"skipped":0,"pct":0}}
,"C:\\EMC\\WEP\\src\\components\\finance\\FinanceRechartsSection.tsx": {"lines":{"total":26,"covered":0,"skipped":0,"pct":0},"functions":{"total":14,"covered":0,"skipped":0,"pct":0},"statements":{"total":28,"covered":0,"skipped":0,"pct":0},"branches":{"total":28,"covered":0,"skipped":0,"pct":0}}
,"C:\\EMC\\WEP\\src\\components\\finance\\FinanceSparkline.tsx": {"lines":{"total":14,"covered":14,"skipped":0,"pct":100},"functions":{"total":2,"covered":2,"skipped":0,"pct":100},"statements":{"total":14,"covered":14,"skipped":0,"pct":100},"branches":{"total":7,"covered":6,"skipped":0,"pct":85.71}}
,"C:\\EMC\\WEP\\src\\components\\finance\\financeDashboardDerivations.ts": {"lines":{"total":29,"covered":1,"skipped":0,"pct":3.44},"functions":{"total":16,"covered":1,"skipped":0,"pct":6.25},"statements":{"total":41,"covered":2,"skipped":0,"pct":4.87},"branches":{"total":22,"covered":1,"skipped":0,"pct":4.54}}
,"C:\\EMC\\WEP\\src\\components\\finance\\financeTableFormats.ts": {"lines":{"total":17,"covered":0,"skipped":0,"pct":0},"functions":{"total":4,"covered":0,"skipped":0,"pct":0},"statements":{"total":17,"covered":0,"skipped":0,"pct":0},"branches":{"total":6,"covered":0,"skipped":0,"pct":0}}
,"C:\\EMC\\WEP\\src\\components\\finance\\financeTablesShared.tsx": {"lines":{"total":2,"covered":0,"skipped":0,"pct":0},"functions":{"total":1,"covered":0,"skipped":0,"pct":0},"statements":{"total":2,"covered":0,"skipped":0,"pct":0},"branches":{"total":0,"covered":0,"skipped":0,"pct":100}}
,"C:\\EMC\\WEP\\src\\components\\finance\\index.ts": {"lines":{"total":0,"covered":0,"skipped":0,"pct":0},"functions":{"total":0,"covered":0,"skipped":0,"pct":0},"statements":{"total":0,"covered":0,"skipped":0,"pct":0},"branches":{"total":0,"covered":0,"skipped":0,"pct":0}}
,"C:\\EMC\\WEP\\src\\components\\finance\\command-center\\AccountGrid.tsx": {"lines":{"total":9,"covered":2,"skipped":0,"pct":22.22},"functions":{"total":4,"covered":1,"skipped":0,"pct":25},"statements":{"total":9,"covered":2,"skipped":0,"pct":22.22},"branches":{"total":14,"covered":1,"skipped":0,"pct":7.14}}
,"C:\\EMC\\WEP\\src\\components\\finance\\command-center\\ActivityTimeline.tsx": {"lines":{"total":4,"covered":2,"skipped":0,"pct":50},"functions":{"total":2,"covered":1,"skipped":0,"pct":50},"statements":{"total":4,"covered":2,"skipped":0,"pct":50},"branches":{"total":8,"covered":1,"skipped":0,"pct":12.5}}
,"C:\\EMC\\WEP\\src\\components\\finance\\command-center\\AlertCenter.tsx": {"lines":{"total":6,"covered":2,"skipped":0,"pct":33.33},"functions":{"total":2,"covered":1,"skipped":0,"pct":50},"statements":{"total":6,"covered":2,"skipped":0,"pct":33.33},"branches":{"total":6,"covered":1,"skipped":0,"pct":16.66}}
,"C:\\EMC\\WEP\\src\\components\\finance\\command-center\\AnalyticsGrid.tsx": {"lines":{"total":2,"covered":2,"skipped":0,"pct":100},"functions":{"total":2,"covered":2,"skipped":0,"pct":100},"statements":{"total":2,"covered":2,"skipped":0,"pct":100},"branches":{"total":0,"covered":0,"skipped":0,"pct":100}}
,"C:\\EMC\\WEP\\src\\components\\finance\\command-center\\CashFlowChart.tsx": {"lines":{"total":6,"covered":0,"skipped":0,"pct":0},"functions":{"total":4,"covered":0,"skipped":0,"pct":0},"statements":{"total":6,"covered":0,"skipped":0,"pct":0},"branches":{"total":8,"covered":0,"skipped":0,"pct":0}}
,"C:\\EMC\\WEP\\src\\components\\finance\\command-center\\ChartsRow.tsx": {"lines":{"total":20,"covered":0,"skipped":0,"pct":0},"functions":{"total":13,"covered":0,"skipped":0,"pct":0},"statements":{"total":23,"covered":0,"skipped":0,"pct":0},"branches":{"total":32,"covered":0,"skipped":0,"pct":0}}
,"C:\\EMC\\WEP\\src\\components\\finance\\command-center\\FinanceCalendar.tsx": {"lines":{"total":4,"covered":3,"skipped":0,"pct":75},"functions":{"total":2,"covered":1,"skipped":0,"pct":50},"statements":{"total":4,"covered":3,"skipped":0,"pct":75},"branches":{"total":4,"covered":1,"skipped":0,"pct":25}}
,"C:\\EMC\\WEP\\src\\components\\finance\\command-center\\FinanceCommandCenter.tsx": {"lines":{"total":33,"covered":22,"skipped":0,"pct":66.66},"functions":{"total":11,"covered":6,"skipped":0,"pct":54.54},"statements":{"total":38,"covered":26,"skipped":0,"pct":68.42},"branches":{"total":17,"covered":11,"skipped":0,"pct":64.7}}
,"C:\\EMC\\WEP\\src\\components\\finance\\command-center\\FinanceHeader.tsx": {"lines":{"total":9,"covered":7,"skipped":0,"pct":77.77},"functions":{"total":5,"covered":3,"skipped":0,"pct":60},"statements":{"total":9,"covered":7,"skipped":0,"pct":77.77},"branches":{"total":4,"covered":2,"skipped":0,"pct":50}}
,"C:\\EMC\\WEP\\src\\components\\finance\\command-center\\KpiGrid.tsx": {"lines":{"total":10,"covered":10,"skipped":0,"pct":100},"functions":{"total":5,"covered":5,"skipped":0,"pct":100},"statements":{"total":10,"covered":10,"skipped":0,"pct":100},"branches":{"total":16,"covered":8,"skipped":0,"pct":50}}
,"C:\\EMC\\WEP\\src\\components\\finance\\command-center\\QuickActions.tsx": {"lines":{"total":4,"covered":4,"skipped":0,"pct":100},"functions":{"total":2,"covered":2,"skipped":0,"pct":100},"statements":{"total":4,"covered":4,"skipped":0,"pct":100},"branches":{"total":0,"covered":0,"skipped":0,"pct":100}}
,"C:\\EMC\\WEP\\src\\components\\finance\\command-center\\RecentTransactions.tsx": {"lines":{"total":21,"covered":12,"skipped":0,"pct":57.14},"functions":{"total":12,"covered":4,"skipped":0,"pct":33.33},"statements":{"total":27,"covered":12,"skipped":0,"pct":44.44},"branches":{"total":28,"covered":13,"skipped":0,"pct":46.42}}
,"C:\\EMC\\WEP\\src\\components\\finance\\command-center\\chartConfig.ts": {"lines":{"total":4,"covered":3,"skipped":0,"pct":75},"functions":{"total":1,"covered":0,"skipped":0,"pct":0},"statements":{"total":4,"covered":3,"skipped":0,"pct":75},"branches":{"total":2,"covered":0,"skipped":0,"pct":0}}
,"C:\\EMC\\WEP\\src\\components\\finance\\command-center\\derivations.ts": {"lines":{"total":103,"covered":58,"skipped":0,"pct":56.31},"functions":{"total":42,"covered":12,"skipped":0,"pct":28.57},"statements":{"total":118,"covered":59,"skipped":0,"pct":50},"branches":{"total":110,"covered":18,"skipped":0,"pct":16.36}}
,"C:\\EMC\\WEP\\src\\components\\finance\\command-center\\index.ts": {"lines":{"total":0,"covered":0,"skipped":0,"pct":0},"functions":{"total":0,"covered":0,"skipped":0,"pct":0},"statements":{"total":0,"covered":0,"skipped":0,"pct":0},"branches":{"total":0,"covered":0,"skipped":0,"pct":0}}
,"C:\\EMC\\WEP\\src\\components\\finance\\command-center\\shared.tsx": {"lines":{"total":4,"covered":4,"skipped":0,"pct":100},"functions":{"total":4,"covered":4,"skipped":0,"pct":100},"statements":{"total":4,"covered":4,"skipped":0,"pct":100},"branches":{"total":5,"covered":5,"skipped":0,"pct":100}}
,"C:\\EMC\\WEP\\src\\components\\finance\\command-center\\types.ts": {"lines":{"total":0,"covered":0,"skipped":0,"pct":0},"functions":{"total":0,"covered":0,"skipped":0,"pct":0},"statements":{"total":0,"covered":0,"skipped":0,"pct":0},"branches":{"total":0,"covered":0,"skipped":0,"pct":0}}
,"C:\\EMC\\WEP\\src\\components\\finance\\command-center\\useFinanceCommandCenter.ts": {"lines":{"total":42,"covered":29,"skipped":0,"pct":69.04},"functions":{"total":13,"covered":10,"skipped":0,"pct":76.92},"statements":{"total":47,"covered":32,"skipped":0,"pct":68.08},"branches":{"total":18,"covered":12,"skipped":0,"pct":66.66}}
,"C:\\EMC\\WEP\\src\\components\\finance\\manual-payments\\ApprovalModals.tsx": {"lines":{"total":10,"covered":0,"skipped":0,"pct":0},"functions":{"total":5,"covered":0,"skipped":0,"pct":0},"statements":{"total":10,"covered":0,"skipped":0,"pct":0},"branches":{"total":26,"covered":0,"skipped":0,"pct":0}}
,"C:\\EMC\\WEP\\src\\components\\finance\\manual-payments\\CreateManualPaymentDrawer.tsx": {"lines":{"total":213,"covered":0,"skipped":0,"pct":0},"functions":{"total":63,"covered":0,"skipped":0,"pct":0},"statements":{"total":256,"covered":0,"skipped":0,"pct":0},"branches":{"total":282,"covered":0,"skipped":0,"pct":0}}
,"C:\\EMC\\WEP\\src\\components\\finance\\manual-payments\\ManualPaymentDetailDrawer.tsx": {"lines":{"total":89,"covered":0,"skipped":0,"pct":0},"functions":{"total":21,"covered":0,"skipped":0,"pct":0},"statements":{"total":97,"covered":0,"skipped":0,"pct":0},"branches":{"total":116,"covered":0,"skipped":0,"pct":0}}
,"C:\\EMC\\WEP\\src\\components\\finance\\manual-payments\\ManualPaymentFilters.tsx": {"lines":{"total":36,"covered":0,"skipped":0,"pct":0},"functions":{"total":29,"covered":0,"skipped":0,"pct":0},"statements":{"total":51,"covered":0,"skipped":0,"pct":0},"branches":{"total":31,"covered":0,"skipped":0,"pct":0}}
,"C:\\EMC\\WEP\\src\\components\\finance\\manual-payments\\ManualPaymentStats.tsx": {"lines":{"total":10,"covered":0,"skipped":0,"pct":0},"functions":{"total":5,"covered":0,"skipped":0,"pct":0},"statements":{"total":10,"covered":0,"skipped":0,"pct":0},"branches":{"total":14,"covered":0,"skipped":0,"pct":0}}
,"C:\\EMC\\WEP\\src\\components\\finance\\manual-payments\\ManualPaymentStatusBadge.tsx": {"lines":{"total":5,"covered":0,"skipped":0,"pct":0},"functions":{"total":2,"covered":0,"skipped":0,"pct":0},"statements":{"total":5,"covered":0,"skipped":0,"pct":0},"branches":{"total":12,"covered":0,"skipped":0,"pct":0}}
,"C:\\EMC\\WEP\\src\\components\\finance\\manual-payments\\ManualPaymentsEmptyState.tsx": {"lines":{"total":4,"covered":0,"skipped":0,"pct":0},"functions":{"total":1,"covered":0,"skipped":0,"pct":0},"statements":{"total":4,"covered":0,"skipped":0,"pct":0},"branches":{"total":8,"covered":0,"skipped":0,"pct":0}}
,"C:\\EMC\\WEP\\src\\components\\finance\\manual-payments\\ManualPaymentsHeader.tsx": {"lines":{"total":5,"covered":0,"skipped":0,"pct":0},"functions":{"total":1,"covered":0,"skipped":0,"pct":0},"statements":{"total":5,"covered":0,"skipped":0,"pct":0},"branches":{"total":8,"covered":0,"skipped":0,"pct":0}}
,"C:\\EMC\\WEP\\src\\components\\finance\\manual-payments\\ManualPaymentsStates.tsx": {"lines":{"total":5,"covered":0,"skipped":0,"pct":0},"functions":{"total":5,"covered":0,"skipped":0,"pct":0},"statements":{"total":5,"covered":0,"skipped":0,"pct":0},"branches":{"total":0,"covered":0,"skipped":0,"pct":100}}
,"C:\\EMC\\WEP\\src\\components\\finance\\manual-payments\\ManualPaymentsTable.tsx": {"lines":{"total":27,"covered":0,"skipped":0,"pct":0},"functions":{"total":12,"covered":0,"skipped":0,"pct":0},"statements":{"total":30,"covered":0,"skipped":0,"pct":0},"branches":{"total":30,"covered":0,"skipped":0,"pct":0}}
,"C:\\EMC\\WEP\\src\\components\\finance\\manual-payments\\constants.ts": {"lines":{"total":16,"covered":0,"skipped":0,"pct":0},"functions":{"total":2,"covered":0,"skipped":0,"pct":0},"statements":{"total":16,"covered":0,"skipped":0,"pct":0},"branches":{"total":4,"covered":0,"skipped":0,"pct":0}}
,"C:\\EMC\\WEP\\src\\components\\finance\\manual-payments\\deriveStats.ts": {"lines":{"total":18,"covered":0,"skipped":0,"pct":0},"functions":{"total":1,"covered":0,"skipped":0,"pct":0},"statements":{"total":18,"covered":0,"skipped":0,"pct":0},"branches":{"total":8,"covered":0,"skipped":0,"pct":0}}
,"C:\\EMC\\WEP\\src\\components\\finance\\manual-payments\\exportManualPayments.ts": {"lines":{"total":14,"covered":0,"skipped":0,"pct":0},"functions":{"total":4,"covered":0,"skipped":0,"pct":0},"statements":{"total":16,"covered":0,"skipped":0,"pct":0},"branches":{"total":22,"covered":0,"skipped":0,"pct":0}}
,"C:\\EMC\\WEP\\src\\components\\finance\\manual-payments\\filterRows.ts": {"lines":{"total":13,"covered":0,"skipped":0,"pct":0},"functions":{"total":4,"covered":0,"skipped":0,"pct":0},"statements":{"total":19,"covered":0,"skipped":0,"pct":0},"branches":{"total":32,"covered":0,"skipped":0,"pct":0}}
,"C:\\EMC\\WEP\\src\\components\\finance\\manual-payments\\formatters.ts": {"lines":{"total":5,"covered":0,"skipped":0,"pct":0},"functions":{"total":3,"covered":0,"skipped":0,"pct":0},"statements":{"total":5,"covered":0,"skipped":0,"pct":0},"branches":{"total":8,"covered":0,"skipped":0,"pct":0}}
,"C:\\EMC\\WEP\\src\\components\\finance\\manual-payments\\hooks.ts": {"lines":{"total":138,"covered":0,"skipped":0,"pct":0},"functions":{"total":33,"covered":0,"skipped":0,"pct":0},"statements":{"total":162,"covered":0,"skipped":0,"pct":0},"branches":{"total":107,"covered":0,"skipped":0,"pct":0}}
,"C:\\EMC\\WEP\\src\\components\\finance\\manual-payments\\manualPaymentFormTypes.ts": {"lines":{"total":5,"covered":0,"skipped":0,"pct":0},"functions":{"total":2,"covered":0,"skipped":0,"pct":0},"statements":{"total":8,"covered":0,"skipped":0,"pct":0},"branches":{"total":6,"covered":0,"skipped":0,"pct":0}}
,"C:\\EMC\\WEP\\src\\components\\finance\\manual-payments\\searchPurchasables.ts": {"lines":{"total":18,"covered":0,"skipped":0,"pct":0},"functions":{"total":4,"covered":0,"skipped":0,"pct":0},"statements":{"total":20,"covered":0,"skipped":0,"pct":0},"branches":{"total":24,"covered":0,"skipped":0,"pct":0}}
,"C:\\EMC\\WEP\\src\\components\\finance\\transactions\\MobileTransactionCard.tsx": {"lines":{"total":3,"covered":0,"skipped":0,"pct":0},"functions":{"total":2,"covered":0,"skipped":0,"pct":0},"statements":{"total":3,"covered":0,"skipped":0,"pct":0},"branches":{"total":6,"covered":0,"skipped":0,"pct":0}}
,"C:\\EMC\\WEP\\src\\components\\finance\\transactions\\TransactionDetailDrawer.tsx": {"lines":{"total":19,"covered":0,"skipped":0,"pct":0},"functions":{"total":7,"covered":0,"skipped":0,"pct":0},"statements":{"total":23,"covered":0,"skipped":0,"pct":0},"branches":{"total":32,"covered":0,"skipped":0,"pct":0}}
,"C:\\EMC\\WEP\\src\\components\\finance\\transactions\\TransactionFilters.tsx": {"lines":{"total":25,"covered":0,"skipped":0,"pct":0},"functions":{"total":21,"covered":0,"skipped":0,"pct":0},"statements":{"total":36,"covered":0,"skipped":0,"pct":0},"branches":{"total":19,"covered":0,"skipped":0,"pct":0}}
,"C:\\EMC\\WEP\\src\\components\\finance\\transactions\\TransactionStats.tsx": {"lines":{"total":10,"covered":0,"skipped":0,"pct":0},"functions":{"total":5,"covered":0,"skipped":0,"pct":0},"statements":{"total":10,"covered":0,"skipped":0,"pct":0},"branches":{"total":12,"covered":0,"skipped":0,"pct":0}}
,"C:\\EMC\\WEP\\src\\components\\finance\\transactions\\TransactionStatusBadge.tsx": {"lines":{"total":9,"covered":0,"skipped":0,"pct":0},"functions":{"total":3,"covered":0,"skipped":0,"pct":0},"statements":{"total":10,"covered":0,"skipped":0,"pct":0},"branches":{"total":15,"covered":0,"skipped":0,"pct":0}}
,"C:\\EMC\\WEP\\src\\components\\finance\\transactions\\TransactionTrendChart.tsx": {"lines":{"total":9,"covered":0,"skipped":0,"pct":0},"functions":{"total":6,"covered":0,"skipped":0,"pct":0},"statements":{"total":11,"covered":0,"skipped":0,"pct":0},"branches":{"total":8,"covered":0,"skipped":0,"pct":0}}
,"C:\\EMC\\WEP\\src\\components\\finance\\transactions\\TransactionsEmptyState.tsx": {"lines":{"total":2,"covered":0,"skipped":0,"pct":0},"functions":{"total":1,"covered":0,"skipped":0,"pct":0},"statements":{"total":2,"covered":0,"skipped":0,"pct":0},"branches":{"total":6,"covered":0,"skipped":0,"pct":0}}
,"C:\\EMC\\WEP\\src\\components\\finance\\transactions\\TransactionsHeader.tsx": {"lines":{"total":5,"covered":0,"skipped":0,"pct":0},"functions":{"total":1,"covered":0,"skipped":0,"pct":0},"statements":{"total":5,"covered":0,"skipped":0,"pct":0},"branches":{"total":8,"covered":0,"skipped":0,"pct":0}}
,"C:\\EMC\\WEP\\src\\components\\finance\\transactions\\TransactionsPagination.tsx": {"lines":{"total":4,"covered":0,"skipped":0,"pct":0},"functions":{"total":3,"covered":0,"skipped":0,"pct":0},"statements":{"total":5,"covered":0,"skipped":0,"pct":0},"branches":{"total":2,"covered":0,"skipped":0,"pct":0}}
,"C:\\EMC\\WEP\\src\\components\\finance\\transactions\\TransactionsSkeleton.tsx": {"lines":{"total":3,"covered":0,"skipped":0,"pct":0},"functions":{"total":3,"covered":0,"skipped":0,"pct":0},"statements":{"total":3,"covered":0,"skipped":0,"pct":0},"branches":{"total":0,"covered":0,"skipped":0,"pct":100}}
,"C:\\EMC\\WEP\\src\\components\\finance\\transactions\\TransactionsStates.tsx": {"lines":{"total":2,"covered":0,"skipped":0,"pct":0},"functions":{"total":2,"covered":0,"skipped":0,"pct":0},"statements":{"total":2,"covered":0,"skipped":0,"pct":0},"branches":{"total":0,"covered":0,"skipped":0,"pct":100}}
,"C:\\EMC\\WEP\\src\\components\\finance\\transactions\\TransactionsTable.tsx": {"lines":{"total":20,"covered":0,"skipped":0,"pct":0},"functions":{"total":11,"covered":0,"skipped":0,"pct":0},"statements":{"total":23,"covered":0,"skipped":0,"pct":0},"branches":{"total":22,"covered":0,"skipped":0,"pct":0}}
,"C:\\EMC\\WEP\\src\\components\\finance\\transactions\\constants.ts": {"lines":{"total":13,"covered":0,"skipped":0,"pct":0},"functions":{"total":4,"covered":0,"skipped":0,"pct":0},"statements":{"total":13,"covered":0,"skipped":0,"pct":0},"branches":{"total":4,"covered":0,"skipped":0,"pct":0}}
,"C:\\EMC\\WEP\\src\\components\\finance\\transactions\\deriveStats.ts": {"lines":{"total":15,"covered":0,"skipped":0,"pct":0},"functions":{"total":1,"covered":0,"skipped":0,"pct":0},"statements":{"total":16,"covered":0,"skipped":0,"pct":0},"branches":{"total":10,"covered":0,"skipped":0,"pct":0}}
,"C:\\EMC\\WEP\\src\\components\\finance\\transactions\\deriveTrend.ts": {"lines":{"total":20,"covered":0,"skipped":0,"pct":0},"functions":{"total":3,"covered":0,"skipped":0,"pct":0},"statements":{"total":24,"covered":0,"skipped":0,"pct":0},"branches":{"total":16,"covered":0,"skipped":0,"pct":0}}
,"C:\\EMC\\WEP\\src\\components\\finance\\transactions\\exportTransactions.ts": {"lines":{"total":3,"covered":0,"skipped":0,"pct":0},"functions":{"total":2,"covered":0,"skipped":0,"pct":0},"statements":{"total":4,"covered":0,"skipped":0,"pct":0},"branches":{"total":12,"covered":0,"skipped":0,"pct":0}}
,"C:\\EMC\\WEP\\src\\components\\finance\\transactions\\filterRows.ts": {"lines":{"total":15,"covered":0,"skipped":0,"pct":0},"functions":{"total":3,"covered":0,"skipped":0,"pct":0},"statements":{"total":20,"covered":0,"skipped":0,"pct":0},"branches":{"total":26,"covered":0,"skipped":0,"pct":0}}
,"C:\\EMC\\WEP\\src\\components\\finance\\transactions\\formatters.ts": {"lines":{"total":11,"covered":0,"skipped":0,"pct":0},"functions":{"total":8,"covered":0,"skipped":0,"pct":0},"statements":{"total":13,"covered":0,"skipped":0,"pct":0},"branches":{"total":5,"covered":0,"skipped":0,"pct":0}}
,"C:\\EMC\\WEP\\src\\components\\finance\\transactions\\hooks.ts": {"lines":{"total":86,"covered":0,"skipped":0,"pct":0},"functions":{"total":18,"covered":0,"skipped":0,"pct":0},"statements":{"total":101,"covered":0,"skipped":0,"pct":0},"branches":{"total":67,"covered":0,"skipped":0,"pct":0}}
,"C:\\EMC\\WEP\\src\\components\\financial\\FinancialRequestDetailView.tsx": {"lines":{"total":62,"covered":0,"skipped":0,"pct":0},"functions":{"total":28,"covered":0,"skipped":0,"pct":0},"statements":{"total":76,"covered":0,"skipped":0,"pct":0},"branches":{"total":124,"covered":0,"skipped":0,"pct":0}}
,"C:\\EMC\\WEP\\src\\components\\financial\\FinancialRequestForm.tsx": {"lines":{"total":78,"covered":0,"skipped":0,"pct":0},"functions":{"total":30,"covered":0,"skipped":0,"pct":0},"statements":{"total":96,"covered":0,"skipped":0,"pct":0},"branches":{"total":107,"covered":0,"skipped":0,"pct":0}}
,"C:\\EMC\\WEP\\src\\components\\financial\\FinancialRequestsTable.tsx": {"lines":{"total":5,"covered":0,"skipped":0,"pct":0},"functions":{"total":3,"covered":0,"skipped":0,"pct":0},"statements":{"total":5,"covered":0,"skipped":0,"pct":0},"branches":{"total":6,"covered":0,"skipped":0,"pct":0}}
,"C:\\EMC\\WEP\\src\\components\\forms\\CountrySelect.tsx": {"lines":{"total":21,"covered":10,"skipped":0,"pct":47.61},"functions":{"total":18,"covered":8,"skipped":0,"pct":44.44},"statements":{"total":25,"covered":11,"skipped":0,"pct":44},"branches":{"total":42,"covered":12,"skipped":0,"pct":28.57}}
,"C:\\EMC\\WEP\\src\\components\\forms\\LanguagesSelect.tsx": {"lines":{"total":20,"covered":10,"skipped":0,"pct":50},"functions":{"total":20,"covered":8,"skipped":0,"pct":40},"statements":{"total":24,"covered":11,"skipped":0,"pct":45.83},"branches":{"total":31,"covered":11,"skipped":0,"pct":35.48}}
,"C:\\EMC\\WEP\\src\\components\\forms\\PhoneInput.tsx": {"lines":{"total":2,"covered":2,"skipped":0,"pct":100},"functions":{"total":2,"covered":2,"skipped":0,"pct":100},"statements":{"total":2,"covered":2,"skipped":0,"pct":100},"branches":{"total":5,"covered":3,"skipped":0,"pct":60}}
,"C:\\EMC\\WEP\\src\\components\\forms\\countryData.ts": {"lines":{"total":20,"covered":0,"skipped":0,"pct":0},"functions":{"total":7,"covered":0,"skipped":0,"pct":0},"statements":{"total":25,"covered":0,"skipped":0,"pct":0},"branches":{"total":6,"covered":0,"skipped":0,"pct":0}}
,"C:\\EMC\\WEP\\src\\components\\forms\\languagesData.ts": {"lines":{"total":1,"covered":1,"skipped":0,"pct":100},"functions":{"total":0,"covered":0,"skipped":0,"pct":100},"statements":{"total":1,"covered":1,"skipped":0,"pct":100},"branches":{"total":0,"covered":0,"skipped":0,"pct":100}}
,"C:\\EMC\\WEP\\src\\components\\forms\\phoneUtils.ts": {"lines":{"total":2,"covered":2,"skipped":0,"pct":100},"functions":{"total":1,"covered":1,"skipped":0,"pct":100},"statements":{"total":3,"covered":3,"skipped":0,"pct":100},"branches":{"total":2,"covered":2,"skipped":0,"pct":100}}
,"C:\\EMC\\WEP\\src\\components\\home\\FeaturedCoursesSection.tsx": {"lines":{"total":45,"covered":0,"skipped":0,"pct":0},"functions":{"total":22,"covered":0,"skipped":0,"pct":0},"statements":{"total":51,"covered":0,"skipped":0,"pct":0},"branches":{"total":26,"covered":0,"skipped":0,"pct":0}}
,"C:\\EMC\\WEP\\src\\components\\home\\HeroSection.tsx": {"lines":{"total":4,"covered":0,"skipped":0,"pct":0},"functions":{"total":2,"covered":0,"skipped":0,"pct":0},"statements":{"total":4,"covered":0,"skipped":0,"pct":0},"branches":{"total":0,"covered":0,"skipped":0,"pct":100}}
,"C:\\EMC\\WEP\\src\\components\\home\\Home12ThemesSection.tsx": {"lines":{"total":6,"covered":0,"skipped":0,"pct":0},"functions":{"total":3,"covered":0,"skipped":0,"pct":0},"statements":{"total":6,"covered":0,"skipped":0,"pct":0},"branches":{"total":2,"covered":0,"skipped":0,"pct":0}}
,"C:\\EMC\\WEP\\src\\components\\home\\HomeAiSection.tsx": {"lines":{"total":6,"covered":0,"skipped":0,"pct":0},"functions":{"total":3,"covered":0,"skipped":0,"pct":0},"statements":{"total":6,"covered":0,"skipped":0,"pct":0},"branches":{"total":2,"covered":0,"skipped":0,"pct":0}}
,"C:\\EMC\\WEP\\src\\components\\home\\HomeCTASection.tsx": {"lines":{"total":1,"covered":0,"skipped":0,"pct":0},"functions":{"total":1,"covered":0,"skipped":0,"pct":0},"statements":{"total":1,"covered":0,"skipped":0,"pct":0},"branches":{"total":0,"covered":0,"skipped":0,"pct":100}}
,"C:\\EMC\\WEP\\src\\components\\home\\HomeCinematicHero.tsx": {"lines":{"total":60,"covered":0,"skipped":0,"pct":0},"functions":{"total":17,"covered":0,"skipped":0,"pct":0},"statements":{"total":69,"covered":0,"skipped":0,"pct":0},"branches":{"total":24,"covered":0,"skipped":0,"pct":0}}
,"C:\\EMC\\WEP\\src\\components\\home\\HomeCourseCard.tsx": {"lines":{"total":10,"covered":0,"skipped":0,"pct":0},"functions":{"total":1,"covered":0,"skipped":0,"pct":0},"statements":{"total":10,"covered":0,"skipped":0,"pct":0},"branches":{"total":49,"covered":0,"skipped":0,"pct":0}}
,"C:\\EMC\\WEP\\src\\components\\home\\HomeEcosystemBento.tsx": {"lines":{"total":16,"covered":0,"skipped":0,"pct":0},"functions":{"total":8,"covered":0,"skipped":0,"pct":0},"statements":{"total":16,"covered":0,"skipped":0,"pct":0},"branches":{"total":0,"covered":0,"skipped":0,"pct":100}}
,"C:\\EMC\\WEP\\src\\components\\home\\HomeFaqSection.tsx": {"lines":{"total":8,"covered":0,"skipped":0,"pct":0},"functions":{"total":4,"covered":0,"skipped":0,"pct":0},"statements":{"total":8,"covered":0,"skipped":0,"pct":0},"branches":{"total":12,"covered":0,"skipped":0,"pct":0}}
[...]
,"C:\\EMC\\WEP\\src\\pages\\super-admin\\crud\\shared\\enterprise\\chartPrimitives.ts": {"lines":{"total":4,"covered":4,"skipped":0,"pct":100},"functions":{"total":0,"covered":0,"skipped":0,"pct":100},"statements":{"total":4,"covered":4,"skipped":0,"pct":100},"branches":{"total":0,"covered":0,"skipped":0,"pct":100}}
,"C:\\EMC\\WEP\\src\\pages\\super-admin\\crud\\shared\\enterprise\\charts.tsx": {"lines":{"total":0,"covered":0,"skipped":0,"pct":0},"functions":{"total":0,"covered":0,"skipped":0,"pct":0},"statements":{"total":0,"covered":0,"skipped":0,"pct":0},"branches":{"total":0,"covered":0,"skipped":0,"pct":0}}
,"C:\\EMC\\WEP\\src\\pages\\super-admin\\crud\\shared\\enterprise\\index.ts": {"lines":{"total":0,"covered":0,"skipped":0,"pct":0},"functions":{"total":0,"covered":0,"skipped":0,"pct":0},"statements":{"total":0,"covered":0,"skipped":0,"pct":0},"branches":{"total":0,"covered":0,"skipped":0,"pct":0}}
,"C:\\EMC\\WEP\\src\\pages\\super-admin\\users\\SuperAdminUsersDetail.tsx": {"lines":{"total":0,"covered":0,"skipped":0,"pct":0},"functions":{"total":0,"covered":0,"skipped":0,"pct":0},"statements":{"total":0,"covered":0,"skipped":0,"pct":0},"branches":{"total":0,"covered":0,"skipped":0,"pct":0}}
,"C:\\EMC\\WEP\\src\\pages\\super-admin\\users\\SuperAdminUsersForm.tsx": {"lines":{"total":0,"covered":0,"skipped":0,"pct":0},"functions":{"total":0,"covered":0,"skipped":0,"pct":0},"statements":{"total":0,"covered":0,"skipped":0,"pct":0},"branches":{"total":0,"covered":0,"skipped":0,"pct":0}}
,"C:\\EMC\\WEP\\src\\pages\\super-admin\\users\\SuperAdminUsersList.tsx": {"lines":{"total":0,"covered":0,"skipped":0,"pct":0},"functions":{"total":0,"covered":0,"skipped":0,"pct":0},"statements":{"total":0,"covered":0,"skipped":0,"pct":0},"branches":{"total":0,"covered":0,"skipped":0,"pct":0}}
,"C:\\EMC\\WEP\\src\\pages\\super-admin\\users\\UsersEnterpriseDetailDrawer.tsx": {"lines":{"total":0,"covered":0,"skipped":0,"pct":0},"functions":{"total":0,"covered":0,"skipped":0,"pct":0},"statements":{"total":0,"covered":0,"skipped":0,"pct":0},"branches":{"total":0,"covered":0,"skipped":0,"pct":0}}
,"C:\\EMC\\WEP\\src\\pages\\super-admin\\users\\assignableRoles.ts": {"lines":{"total":6,"covered":0,"skipped":0,"pct":0},"functions":{"total":5,"covered":0,"skipped":0,"pct":0},"statements":{"total":10,"covered":0,"skipped":0,"pct":0},"branches":{"total":16,"covered":0,"skipped":0,"pct":0}}
,"C:\\EMC\\WEP\\src\\pages\\super-admin\\users\\roleScopeHints.ts": {"lines":{"total":12,"covered":0,"skipped":0,"pct":0},"functions":{"total":1,"covered":0,"skipped":0,"pct":0},"statements":{"total":14,"covered":0,"skipped":0,"pct":0},"branches":{"total":10,"covered":0,"skipped":0,"pct":0}}
,"C:\\EMC\\WEP\\src\\pages\\super-admin\\users\\roleScopeTypes.ts": {"lines":{"total":0,"covered":0,"skipped":0,"pct":0},"functions":{"total":0,"covered":0,"skipped":0,"pct":0},"statements":{"total":0,"covered":0,"skipped":0,"pct":0},"branches":{"total":0,"covered":0,"skipped":0,"pct":0}}
,"C:\\EMC\\WEP\\src\\pages\\super-admin\\users\\superAdminUserPolicy.ts": {"lines":{"total":6,"covered":0,"skipped":0,"pct":0},"functions":{"total":4,"covered":0,"skipped":0,"pct":0},"statements":{"total":8,"covered":0,"skipped":0,"pct":0},"branches":{"total":6,"covered":0,"skipped":0,"pct":0}}
,"C:\\EMC\\WEP\\src\\pages\\tech-admin\\TechAdminDashboardPage.tsx": {"lines":{"total":60,"covered":41,"skipped":0,"pct":68.33},"functions":{"total":22,"covered":18,"skipped":0,"pct":81.81},"statements":{"total":74,"covered":46,"skipped":0,"pct":62.16},"branches":{"total":88,"covered":47,"skipped":0,"pct":53.4}}
,"C:\\EMC\\WEP\\src\\services\\coursesApi.ts": {"lines":{"total":41,"covered":0,"skipped":0,"pct":0},"functions":{"total":11,"covered":0,"skipped":0,"pct":0},"statements":{"total":46,"covered":0,"skipped":0,"pct":0},"branches":{"total":48,"covered":0,"skipped":0,"pct":0}}
,"C:\\EMC\\WEP\\src\\services\\teamApi.ts": {"lines":{"total":50,"covered":0,"skipped":0,"pct":0},"functions":{"total":22,"covered":0,"skipped":0,"pct":0},"statements":{"total":55,"covered":0,"skipped":0,"pct":0},"branches":{"total":120,"covered":0,"skipped":0,"pct":0}}
,"C:\\EMC\\WEP\\src\\utils\\amsterdamTime.ts": {"lines":{"total":30,"covered":30,"skipped":0,"pct":100},"functions":{"total":8,"covered":8,"skipped":0,"pct":100},"statements":{"total":37,"covered":37,"skipped":0,"pct":100},"branches":{"total":31,"covered":31,"skipped":0,"pct":100}}
,"C:\\EMC\\WEP\\src\\utils\\animations.ts": {"lines":{"total":7,"covered":7,"skipped":0,"pct":100},"functions":{"total":0,"covered":0,"skipped":0,"pct":100},"statements":{"total":7,"covered":7,"skipped":0,"pct":100},"branches":{"total":0,"covered":0,"skipped":0,"pct":100}}
,"C:\\EMC\\WEP\\src\\utils\\calendarFormat.ts": {"lines":{"total":75,"covered":8,"skipped":0,"pct":10.66},"functions":{"total":16,"covered":1,"skipped":0,"pct":6.25},"statements":{"total":83,"covered":8,"skipped":0,"pct":9.63},"branches":{"total":78,"covered":3,"skipped":0,"pct":3.84}}
,"C:\\EMC\\WEP\\src\\utils\\calendarGrid.ts": {"lines":{"total":77,"covered":77,"skipped":0,"pct":100},"functions":{"total":22,"covered":22,"skipped":0,"pct":100},"statements":{"total":85,"covered":84,"skipped":0,"pct":98.82},"branches":{"total":24,"covered":21,"skipped":0,"pct":87.5}}
,"C:\\EMC\\WEP\\src\\utils\\compressImage.ts": {"lines":{"total":24,"covered":4,"skipped":0,"pct":16.66},"functions":{"total":3,"covered":0,"skipped":0,"pct":0},"statements":{"total":24,"covered":4,"skipped":0,"pct":16.66},"branches":{"total":12,"covered":0,"skipped":0,"pct":0}}
,"C:\\EMC\\WEP\\src\\utils\\compressPdf.ts": {"lines":{"total":27,"covered":2,"skipped":0,"pct":7.4},"functions":{"total":1,"covered":0,"skipped":0,"pct":0},"statements":{"total":27,"covered":2,"skipped":0,"pct":7.4},"branches":{"total":4,"covered":0,"skipped":0,"pct":0}}
,"C:\\EMC\\WEP\\src\\utils\\course.ts": {"lines":{"total":21,"covered":6,"skipped":0,"pct":28.57},"functions":{"total":6,"covered":2,"skipped":0,"pct":33.33},"statements":{"total":27,"covered":7,"skipped":0,"pct":25.92},"branches":{"total":29,"covered":7,"skipped":0,"pct":24.13}}
,"C:\\EMC\\WEP\\src\\utils\\courseDetailDerived.ts": {"lines":{"total":128,"covered":117,"skipped":0,"pct":91.4},"functions":{"total":9,"covered":6,"skipped":0,"pct":66.66},"statements":{"total":156,"covered":122,"skipped":0,"pct":78.2},"branches":{"total":241,"covered":157,"skipped":0,"pct":65.14}}
,"C:\\EMC\\WEP\\src\\utils\\courseDetailPageData.ts": {"lines":{"total":81,"covered":1,"skipped":0,"pct":1.23},"functions":{"total":17,"covered":1,"skipped":0,"pct":5.88},"statements":{"total":95,"covered":1,"skipped":0,"pct":1.05},"branches":{"total":140,"covered":0,"skipped":0,"pct":0}}
,"C:\\EMC\\WEP\\src\\utils\\courseDuration.ts": {"lines":{"total":32,"covered":32,"skipped":0,"pct":100},"functions":{"total":5,"covered":5,"skipped":0,"pct":100},"statements":{"total":44,"covered":44,"skipped":0,"pct":100},"branches":{"total":67,"covered":67,"skipped":0,"pct":100}}
,"C:\\EMC\\WEP\\src\\utils\\courseEnded.ts": {"lines":{"total":33,"covered":33,"skipped":0,"pct":100},"functions":{"total":5,"covered":5,"skipped":0,"pct":100},"statements":{"total":45,"covered":45,"skipped":0,"pct":100},"branches":{"total":62,"covered":62,"skipped":0,"pct":100}}
,"C:\\EMC\\WEP\\src\\utils\\courseInstructor.ts": {"lines":{"total":74,"covered":74,"skipped":0,"pct":100},"functions":{"total":9,"covered":9,"skipped":0,"pct":100},"statements":{"total":88,"covered":87,"skipped":0,"pct":98.86},"branches":{"total":127,"covered":125,"skipped":0,"pct":98.42}}
,"C:\\EMC\\WEP\\src\\utils\\coursePayload.ts": {"lines":{"total":52,"covered":0,"skipped":0,"pct":0},"functions":{"total":16,"covered":0,"skipped":0,"pct":0},"statements":{"total":67,"covered":0,"skipped":0,"pct":0},"branches":{"total":45,"covered":0,"skipped":0,"pct":0}}
,"C:\\EMC\\WEP\\src\\utils\\currency.ts": {"lines":{"total":30,"covered":27,"skipped":0,"pct":90},"functions":{"total":6,"covered":6,"skipped":0,"pct":100},"statements":{"total":35,"covered":32,"skipped":0,"pct":91.42},"branches":{"total":26,"covered":26,"skipped":0,"pct":100}}
,"C:\\EMC\\WEP\\src\\utils\\dashboardAccess.ts": {"lines":{"total":69,"covered":68,"skipped":0,"pct":98.55},"functions":{"total":10,"covered":10,"skipped":0,"pct":100},"statements":{"total":83,"covered":82,"skipped":0,"pct":98.79},"branches":{"total":101,"covered":99,"skipped":0,"pct":98.01}}
,"C:\\EMC\\WEP\\src\\utils\\dashboardRouteSearch.ts": {"lines":{"total":18,"covered":0,"skipped":0,"pct":0},"functions":{"total":8,"covered":0,"skipped":0,"pct":0},"statements":{"total":20,"covered":0,"skipped":0,"pct":0},"branches":{"total":18,"covered":0,"skipped":0,"pct":0}}
,"C:\\EMC\\WEP\\src\\utils\\dateTime.ts": {"lines":{"total":79,"covered":78,"skipped":0,"pct":98.73},"functions":{"total":17,"covered":17,"skipped":0,"pct":100},"statements":{"total":118,"covered":117,"skipped":0,"pct":99.15},"branches":{"total":102,"covered":93,"skipped":0,"pct":91.17}}
,"C:\\EMC\\WEP\\src\\utils\\datetimeLocal.ts": {"lines":{"total":36,"covered":36,"skipped":0,"pct":100},"functions":{"total":9,"covered":9,"skipped":0,"pct":100},"statements":{"total":42,"covered":41,"skipped":0,"pct":97.61},"branches":{"total":20,"covered":17,"skipped":0,"pct":85}}
,"C:\\EMC\\WEP\\src\\utils\\decodeUnicodeText.ts": {"lines":{"total":32,"covered":32,"skipped":0,"pct":100},"functions":{"total":8,"covered":8,"skipped":0,"pct":100},"statements":{"total":39,"covered":38,"skipped":0,"pct":97.43},"branches":{"total":29,"covered":28,"skipped":0,"pct":96.55}}
,"C:\\EMC\\WEP\\src\\utils\\dispAr.ts": {"lines":{"total":5,"covered":5,"skipped":0,"pct":100},"functions":{"total":1,"covered":1,"skipped":0,"pct":100},"statements":{"total":7,"covered":7,"skipped":0,"pct":100},"branches":{"total":7,"covered":7,"skipped":0,"pct":100}}
,"C:\\EMC\\WEP\\src\\utils\\enrollmentRedirect.ts": {"lines":{"total":13,"covered":13,"skipped":0,"pct":100},"functions":{"total":4,"covered":4,"skipped":0,"pct":100},"statements":{"total":18,"covered":18,"skipped":0,"pct":100},"branches":{"total":19,"covered":18,"skipped":0,"pct":94.73}}
,"C:\\EMC\\WEP\\src\\utils\\financeDateFormatters.ts": {"lines":{"total":39,"covered":36,"skipped":0,"pct":92.3},"functions":{"total":8,"covered":7,"skipped":0,"pct":87.5},"statements":{"total":51,"covered":41,"skipped":0,"pct":80.39},"branches":{"total":42,"covered":32,"skipped":0,"pct":76.19}}
,"C:\\EMC\\WEP\\src\\utils\\financeFormatters.ts": {"lines":{"total":42,"covered":30,"skipped":0,"pct":71.42},"functions":{"total":11,"covered":6,"skipped":0,"pct":54.54},"statements":{"total":50,"covered":35,"skipped":0,"pct":70},"branches":{"total":49,"covered":31,"skipped":0,"pct":63.26}}
,"C:\\EMC\\WEP\\src\\utils\\financeNav.ts": {"lines":{"total":1,"covered":1,"skipped":0,"pct":100},"functions":{"total":1,"covered":1,"skipped":0,"pct":100},"statements":{"total":1,"covered":1,"skipped":0,"pct":100},"branches":{"total":2,"covered":1,"skipped":0,"pct":50}}
,"C:\\EMC\\WEP\\src\\utils\\formatEnglishNumber.ts": {"lines":{"total":35,"covered":31,"skipped":0,"pct":88.57},"functions":{"total":6,"covered":6,"skipped":0,"pct":100},"statements":{"total":42,"covered":38,"skipped":0,"pct":90.47},"branches":{"total":41,"covered":40,"skipped":0,"pct":97.56}}
,"C:\\EMC\\WEP\\src\\utils\\instructorScheduleFormat.ts": {"lines":{"total":17,"covered":0,"skipped":0,"pct":0},"functions":{"total":4,"covered":0,"skipped":0,"pct":0},"statements":{"total":22,"covered":0,"skipped":0,"pct":0},"branches":{"total":23,"covered":0,"skipped":0,"pct":0}}
,"C:\\EMC\\WEP\\src\\utils\\lmsAssignment.ts": {"lines":{"total":18,"covered":15,"skipped":0,"pct":83.33},"functions":{"total":3,"covered":2,"skipped":0,"pct":66.66},"statements":{"total":24,"covered":18,"skipped":0,"pct":75},"branches":{"total":44,"covered":30,"skipped":0,"pct":68.18}}
,"C:\\EMC\\WEP\\src\\utils\\lmsSession.ts": {"lines":{"total":114,"covered":74,"skipped":0,"pct":64.91},"functions":{"total":15,"covered":10,"skipped":0,"pct":66.66},"statements":{"total":135,"covered":85,"skipped":0,"pct":62.96},"branches":{"total":237,"covered":128,"skipped":0,"pct":54}}
,"C:\\EMC\\WEP\\src\\utils\\mapApiCourseToCourseItem.ts": {"lines":{"total":145,"covered":0,"skipped":0,"pct":0},"functions":{"total":20,"covered":0,"skipped":0,"pct":0},"statements":{"total":182,"covered":0,"skipped":0,"pct":0},"branches":{"total":275,"covered":0,"skipped":0,"pct":0}}
,"C:\\EMC\\WEP\\src\\utils\\mediaUrl.ts": {"lines":{"total":14,"covered":14,"skipped":0,"pct":100},"functions":{"total":1,"covered":1,"skipped":0,"pct":100},"statements":{"total":18,"covered":18,"skipped":0,"pct":100},"branches":{"total":28,"covered":24,"skipped":0,"pct":85.71}}
,"C:\\EMC\\WEP\\src\\utils\\motion.ts": {"lines":{"total":0,"covered":0,"skipped":0,"pct":0},"functions":{"total":0,"covered":0,"skipped":0,"pct":0},"statements":{"total":0,"covered":0,"skipped":0,"pct":0},"branches":{"total":0,"covered":0,"skipped":0,"pct":0}}
,"C:\\EMC\\WEP\\src\\utils\\notificationRoutes.ts": {"lines":{"total":48,"covered":42,"skipped":0,"pct":87.5},"functions":{"total":8,"covered":5,"skipped":0,"pct":62.5},"statements":{"total":52,"covered":43,"skipped":0,"pct":82.69},"branches":{"total":49,"covered":39,"skipped":0,"pct":79.59}}
,"C:\\EMC\\WEP\\src\\utils\\passwordGenerator.ts": {"lines":{"total":18,"covered":18,"skipped":0,"pct":100},"functions":{"total":3,"covered":3,"skipped":0,"pct":100},"statements":{"total":20,"covered":20,"skipped":0,"pct":100},"branches":{"total":1,"covered":1,"skipped":0,"pct":100}}
,"C:\\EMC\\WEP\\src\\utils\\permissionLabels.ts": {"lines":{"total":19,"covered":0,"skipped":0,"pct":0},"functions":{"total":6,"covered":0,"skipped":0,"pct":0},"statements":{"total":25,"covered":0,"skipped":0,"pct":0},"branches":{"total":22,"covered":0,"skipped":0,"pct":0}}
,"C:\\EMC\\WEP\\src\\utils\\placementAssessmentSummary.ts": {"lines":{"total":71,"covered":0,"skipped":0,"pct":0},"functions":{"total":14,"covered":0,"skipped":0,"pct":0},"statements":{"total":95,"covered":0,"skipped":0,"pct":0},"branches":{"total":147,"covered":0,"skipped":0,"pct":0}}
,"C:\\EMC\\WEP\\src\\utils\\placementStatusColors.ts": {"lines":{"total":14,"covered":1,"skipped":0,"pct":7.14},"functions":{"total":1,"covered":0,"skipped":0,"pct":0},"statements":{"total":21,"covered":1,"skipped":0,"pct":4.76},"branches":{"total":26,"covered":0,"skipped":0,"pct":0}}
,"C:\\EMC\\WEP\\src\\utils\\productUpdateFormatters.ts": {"lines":{"total":43,"covered":29,"skipped":0,"pct":67.44},"functions":{"total":8,"covered":6,"skipped":0,"pct":75},"statements":{"total":60,"covered":31,"skipped":0,"pct":51.66},"branches":{"total":44,"covered":19,"skipped":0,"pct":43.18}}
,"C:\\EMC\\WEP\\src\\utils\\programCertificateAvailability.ts": {"lines":{"total":42,"covered":35,"skipped":0,"pct":83.33},"functions":{"total":10,"covered":9,"skipped":0,"pct":90},"statements":{"total":47,"covered":39,"skipped":0,"pct":82.97},"branches":{"total":56,"covered":48,"skipped":0,"pct":85.71}}
,"C:\\EMC\\WEP\\src\\utils\\programsManagerInsights.ts": {"lines":{"total":103,"covered":60,"skipped":0,"pct":58.25},"functions":{"total":29,"covered":17,"skipped":0,"pct":58.62},"statements":{"total":129,"covered":67,"skipped":0,"pct":51.93},"branches":{"total":136,"covered":31,"skipped":0,"pct":22.79}}
,"C:\\EMC\\WEP\\src\\utils\\publicCourseDetailCta.ts": {"lines":{"total":35,"covered":28,"skipped":0,"pct":80},"functions":{"total":3,"covered":2,"skipped":0,"pct":66.66},"statements":{"total":38,"covered":30,"skipped":0,"pct":78.94},"branches":{"total":52,"covered":37,"skipped":0,"pct":71.15}}
,"C:\\EMC\\WEP\\src\\utils\\publicCourseDisplay.ts": {"lines":{"total":55,"covered":45,"skipped":0,"pct":81.81},"functions":{"total":10,"covered":9,"skipped":0,"pct":90},"statements":{"total":74,"covered":53,"skipped":0,"pct":71.62},"branches":{"total":95,"covered":63,"skipped":0,"pct":66.31}}
,"C:\\EMC\\WEP\\src\\utils\\publicCourseNormalize.ts": {"lines":{"total":79,"covered":11,"skipped":0,"pct":13.92},"functions":{"total":14,"covered":5,"skipped":0,"pct":35.71},"statements":{"total":103,"covered":16,"skipped":0,"pct":15.53},"branches":{"total":82,"covered":9,"skipped":0,"pct":10.97}}
,"C:\\EMC\\WEP\\src\\utils\\publicDetailFormat.ts": {"lines":{"total":55,"covered":15,"skipped":0,"pct":27.27},"functions":{"total":11,"covered":7,"skipped":0,"pct":63.63},"statements":{"total":77,"covered":21,"skipped":0,"pct":27.27},"branches":{"total":74,"covered":9,"skipped":0,"pct":12.16}}
,"C:\\EMC\\WEP\\src\\utils\\publicEnrollAuth.ts": {"lines":{"total":18,"covered":18,"skipped":0,"pct":100},"functions":{"total":6,"covered":6,"skipped":0,"pct":100},"statements":{"total":20,"covered":20,"skipped":0,"pct":100},"branches":{"total":10,"covered":10,"skipped":0,"pct":100}}
,"C:\\EMC\\WEP\\src\\utils\\routeMatch.ts": {"lines":{"total":4,"covered":0,"skipped":0,"pct":0},"functions":{"total":1,"covered":0,"skipped":0,"pct":0},"statements":{"total":4,"covered":0,"skipped":0,"pct":0},"branches":{"total":8,"covered":0,"skipped":0,"pct":0}}
,"C:\\EMC\\WEP\\src\\utils\\sentry.ts": {"lines":{"total":4,"covered":0,"skipped":0,"pct":0},"functions":{"total":3,"covered":0,"skipped":0,"pct":0},"statements":{"total":5,"covered":0,"skipped":0,"pct":0},"branches":{"total":4,"covered":0,"skipped":0,"pct":0}}
,"C:\\EMC\\WEP\\src\\utils\\statusLabels.ts": {"lines":{"total":17,"covered":17,"skipped":0,"pct":100},"functions":{"total":4,"covered":4,"skipped":0,"pct":100},"statements":{"total":18,"covered":18,"skipped":0,"pct":100},"branches":{"total":34,"covered":33,"skipped":0,"pct":97.05}}
,"C:\\EMC\\WEP\\src\\utils\\studentDashboardEnvelope.ts": {"lines":{"total":160,"covered":0,"skipped":0,"pct":0},"functions":{"total":23,"covered":0,"skipped":0,"pct":0},"statements":{"total":193,"covered":0,"skipped":0,"pct":0},"branches":{"total":273,"covered":0,"skipped":0,"pct":0}}
,"C:\\EMC\\WEP\\src\\utils\\studentEnrollmentMerge.ts": {"lines":{"total":45,"covered":1,"skipped":0,"pct":2.22},"functions":{"total":7,"covered":1,"skipped":0,"pct":14.28},"statements":{"total":50,"covered":1,"skipped":0,"pct":2},"branches":{"total":209,"covered":0,"skipped":0,"pct":0}}
,"C:\\EMC\\WEP\\src\\utils\\studentLearnNavigation.ts": {"lines":{"total":3,"covered":1,"skipped":0,"pct":33.33},"functions":{"total":3,"covered":1,"skipped":0,"pct":33.33},"statements":{"total":4,"covered":1,"skipped":0,"pct":25},"branches":{"total":5,"covered":0,"skipped":0,"pct":0}}
,"C:\\EMC\\WEP\\src\\utils\\textDirection.ts": {"lines":{"total":4,"covered":4,"skipped":0,"pct":100},"functions":{"total":2,"covered":2,"skipped":0,"pct":100},"statements":{"total":4,"covered":4,"skipped":0,"pct":100},"branches":{"total":4,"covered":4,"skipped":0,"pct":100}}
,"C:\\EMC\\WEP\\src\\utils\\transactionStatusLabels.ts": {"lines":{"total":14,"covered":9,"skipped":0,"pct":64.28},"functions":{"total":4,"covered":2,"skipped":0,"pct":50},"statements":{"total":17,"covered":10,"skipped":0,"pct":58.82},"branches":{"total":10,"covered":6,"skipped":0,"pct":60}}
,"C:\\EMC\\WEP\\src\\utils\\userIdentity.ts": {"lines":{"total":97,"covered":55,"skipped":0,"pct":56.7},"functions":{"total":12,"covered":8,"skipped":0,"pct":66.66},"statements":{"total":115,"covered":60,"skipped":0,"pct":52.17},"branches":{"total":212,"covered":130,"skipped":0,"pct":61.32}}
,"C:\\EMC\\WEP\\src\\utils\\validateEnv.ts": {"lines":{"total":20,"covered":0,"skipped":0,"pct":0},"functions":{"total":1,"covered":0,"skipped":0,"pct":0},"statements":{"total":23,"covered":0,"skipped":0,"pct":0},"branches":{"total":20,"covered":0,"skipped":0,"pct":0}}
,"C:\\EMC\\WEP\\src\\utils\\workspaceDepartment.ts": {"lines":{"total":43,"covered":20,"skipped":0,"pct":46.51},"functions":{"total":7,"covered":5,"skipped":0,"pct":71.42},"statements":{"total":52,"covered":21,"skipped":0,"pct":40.38},"branches":{"total":95,"covered":38,"skipped":0,"pct":40}}
}
